<?xml version="1.0" encoding="UTF-8"?>
<testsuite name="model.game.ScoreManagerTest" tests="5" skipped="0" failures="0" errors="0" timestamp="2026-08-28T21:31:44.453Z" hostname="MacBook-Pro-4.local" time="0.002">
  <properties/>
  <testcase name="applyScoresToUserWithANullUserDoesNotThrow()" classname="model.game.ScoreManagerTest" time="0.001"/>
  <testcase name="triggerEventAccumulatesPointsWithTheMultiplier()" classname="model.game.ScoreManagerTest" time="0.0"/>
  <testcase name="applyScoresToUserBanksThePointsOnTheAccount()" classname="model.game.ScoreManagerTest" time="0.0"/>
  <testcase name="applyScoresToUserWithAZeroScoreDoesNotTouchTheAccount()" classname="model.game.ScoreManagerTest" time="0.0"/>
  <testcase name="applyScoresToUserResetsTheRunCounterToZero()" classname="model.game.ScoreManagerTest" time="0.0"/>
  <system-out><![CDATA[[BONUS] +30 MyoPoints for: KILL_FAST_ZOMBIE
[BONUS] +30 MyoPoints for: KILL_FAST_ZOMBIE
[BONUS] +60 MyoPoints for: KILL_FAST_ZOMBIE
[BONUS] +30 MyoPoints for: KILL_FAST_ZOMBIE
Total MyoPoints gained this match: 30
[BONUS] +30 MyoPoints for: KILL_FAST_ZOMBIE
Total MyoPoints gained this match: 30
]]></system-out>
  <system-err><![CDATA[]]></system-err>
</testsuite>
