<?xml version="1.0" encoding="UTF-8"?>
<testsuite name="model.core.DifficultyTest" tests="7" skipped="0" failures="0" errors="0" timestamp="2026-08-31T06:57:54.448Z" hostname="MacBook-Pro-4.local" time="0.003">
  <properties/>
  <testcase name="noCoefficientEverReachesZeroOrInfinity()" classname="model.core.DifficultyTest" time="0.001"/>
  <testcase name="harderMeansToughersFasterZombiesAndLessSun()" classname="model.core.DifficultyTest" time="0.0"/>
  <testcase name="aLevelOutsideOneToFiveIsClampedRatherThanTakenLiterally()" classname="model.core.DifficultyTest" time="0.0"/>
  <testcase name="levelThreeIsTheBaselineAndChangesNothing()" classname="model.core.DifficultyTest" time="0.0"/>
  <testcase name="theIncreaseCoefficientIsTheLevelOverThree()" classname="model.core.DifficultyTest" time="0.0"/>
  <testcase name="theDecreaseCoefficientIsThreeOverTheLevel()" classname="model.core.DifficultyTest" time="0.0"/>
  <testcase name="everyLevelScalesEveryParameterTheWayTheDocSays()" classname="model.core.DifficultyTest" time="0.0"/>
  <system-out><![CDATA[]]></system-out>
  <system-err><![CDATA[]]></system-err>
</testsuite>
