<?xml version="1.0" encoding="UTF-8"?>
<testsuite name="model.game.LawnmowerTravelTest" tests="6" skipped="0" failures="0" errors="0" timestamp="2026-08-31T06:57:54.499Z" hostname="MacBook-Pro-4.local" time="0.002">
  <properties/>
  <testcase name="itCrushesEveryZombieInTheRowAsItPasses()" classname="model.game.LawnmowerTravelTest" time="0.0"/>
  <testcase name="aTriggeredMowerStopsCountingAsAvailableButIsStillOnTheLawn()" classname="model.game.LawnmowerTravelTest" time="0.001"/>
  <testcase name="itLeavesTheLawnAndGoesInactive()" classname="model.game.LawnmowerTravelTest" time="0.0"/>
  <testcase name="anUntriggeredMowerStaysPutAndCountsAsAvailable()" classname="model.game.LawnmowerTravelTest" time="0.001"/>
  <testcase name="itLeavesOtherRowsAlone()" classname="model.game.LawnmowerTravelTest" time="0.0"/>
  <testcase name="itReportsWhatItCrushedSoTheMowingQuestCanCount()" classname="model.game.LawnmowerTravelTest" time="0.0"/>
  <system-out><![CDATA[]]></system-out>
  <system-err><![CDATA[]]></system-err>
</testsuite>
