<?xml version="1.0" encoding="UTF-8"?>
<testsuite name="model.account.AdventureMapRewardsTest" tests="6" skipped="0" failures="0" errors="0" timestamp="2026-08-31T06:57:54.408Z" hostname="MacBook-Pro-4.local" time="0.019">
  <properties/>
  <testcase name="everyLevelOfEveryChapterHasAReward()" classname="model.account.AdventureMapRewardsTest" time="0.001"/>
  <testcase name="everyPlantRewardIsARealPlantTheAccountDoesNotStartWith()" classname="model.account.AdventureMapRewardsTest" time="0.014"/>
  <testcase name="aLevelOffTheMapHasNoReward()" classname="model.account.AdventureMapRewardsTest" time="0.0"/>
  <testcase name="noPlantIsHandedOutTwice()" classname="model.account.AdventureMapRewardsTest" time="0.001"/>
  <testcase name="clearingTheAdventureEndsOnTheTrophy()" classname="model.account.AdventureMapRewardsTest" time="0.0"/>
  <testcase name="walkingTheWholeMapUnlocksFifteenNewPlants()" classname="model.account.AdventureMapRewardsTest" time="0.003"/>
  <system-out><![CDATA[]]></system-out>
  <system-err><![CDATA[]]></system-err>
</testsuite>
