<?xml version="1.0" encoding="UTF-8"?>
<testsuite name="view.gdx.ui.ZombotanyArtTest" tests="3" skipped="0" failures="0" errors="0" timestamp="2026-08-28T21:31:47.116Z" hostname="MacBook-Pro-4.local" time="0.003">
  <properties/>
  <testcase name="everyZombotanyAliasMapsToAPlant()" classname="view.gdx.ui.ZombotanyArtTest" time="0.002"/>
  <testcase name="thePlantsTheyMapToAllHaveASeedPacket()" classname="view.gdx.ui.ZombotanyArtTest" time="0.001"/>
  <testcase name="ordinaryZombiesAreLeftAlone()" classname="view.gdx.ui.ZombotanyArtTest" time="0.0"/>
  <system-out><![CDATA[]]></system-out>
  <system-err><![CDATA[]]></system-err>
</testsuite>
