<?xml version="1.0" encoding="UTF-8"?>
<testsuite name="model.core.MatchSetupTest" tests="4" skipped="0" failures="0" errors="0" timestamp="2026-08-31T06:57:54.451Z" hostname="MacBook-Pro-4.local" time="0.005">
  <properties/>
  <testcase name="enteringAChapterClearsAPreviousBonusRun()" classname="model.core.MatchSetupTest" time="0.0"/>
  <testcase name="settingABonusRunClearsAnyChapterOrMiniGame()" classname="model.core.MatchSetupTest" time="0.0"/>
  <testcase name="startingAMiniGameClearsAPreviousBonusRun()" classname="model.core.MatchSetupTest" time="0.0"/>
  <testcase name="aBonusRunAlwaysGetsAnUnrestrictedSelectionRuleRegardlessOfTheChapterLeftBehind()" classname="model.core.MatchSetupTest" time="0.004"/>
  <system-out><![CDATA[]]></system-out>
  <system-err><![CDATA[]]></system-err>
</testsuite>
