<?xml version="1.0" encoding="UTF-8"?>
<testsuite name="model.game.quest.QuestCategoriesTest" tests="3" skipped="0" failures="0" errors="0" timestamp="2026-08-31T06:57:54.585Z" hostname="MacBook-Pro-4.local" time="0.003">
  <properties/>
  <testcase name="anExistingSaveGainsQuestsAddedToTheRosterWithoutLosingProgress()" classname="model.game.quest.QuestCategoriesTest" time="0.001"/>
  <testcase name="theRosterCoversAllFourCategories()" classname="model.game.quest.QuestCategoriesTest" time="0.0"/>
  <testcase name="everyRepeatableQuestIsTrackable()" classname="model.game.quest.QuestCategoriesTest" time="0.002"/>
  <system-out><![CDATA[]]></system-out>
  <system-err><![CDATA[]]></system-err>
</testsuite>
