<?xml version="1.0" encoding="UTF-8"?>
<testsuite name="view.gdx.render.HitEffectsTest" tests="7" skipped="0" failures="0" errors="0" timestamp="2026-08-28T21:31:47.112Z" hostname="MacBook-Pro-4.local" time="0.003">
  <properties/>
  <testcase name="healingIsNotAHit()" classname="view.gdx.render.HitEffectsTest" time="0.001"/>
  <testcase name="clearDropsEverything()" classname="view.gdx.render.HitEffectsTest" time="0.001"/>
  <testcase name="aProjectileThatFlewOffTheLawnLeavesNothing()" classname="view.gdx.render.HitEffectsTest" time="0.0"/>
  <testcase name="aProjectileThatVanishesOverTheLawnLeavesABurst()" classname="view.gdx.render.HitEffectsTest" time="0.0"/>
  <testcase name="aBurstGrowsFadesAndThenGoesAway()" classname="view.gdx.render.HitEffectsTest" time="0.001"/>
  <testcase name="anEntitySeenForTheFirstTimeIsNotFlashing()" classname="view.gdx.render.HitEffectsTest" time="0.0"/>
  <testcase name="healthGoingDownStartsAFlashThatFades()" classname="view.gdx.render.HitEffectsTest" time="0.0"/>
  <system-out><![CDATA[]]></system-out>
  <system-err><![CDATA[]]></system-err>
</testsuite>
