<?xml version="1.0" encoding="UTF-8"?>
<testsuite name="view.gdx.ui.HudLayoutTest" tests="3" skipped="0" failures="0" errors="0" timestamp="2026-08-31T06:57:57.186Z" hostname="MacBook-Pro-4.local" time="0.002">
  <properties/>
  <testcase name="theToolsRowIsNoTallerThanASeedCard()" classname="view.gdx.ui.HudLayoutTest" time="0.0"/>
  <testcase name="theHudFitsInTheGapAboveTheLawnInEverySeason()" classname="view.gdx.ui.HudLayoutTest" time="0.001"/>
  <testcase name="theHudAndTheLawnScaleTogether()" classname="view.gdx.ui.HudLayoutTest" time="0.001"/>
  <system-out><![CDATA[]]></system-out>
  <system-err><![CDATA[]]></system-err>
</testsuite>
