<?xml version="1.0" encoding="UTF-8"?>
<testsuite name="network.server.MatchServiceTest" tests="6" skipped="0" failures="0" errors="0" timestamp="2026-08-31T06:57:54.607Z" hostname="MacBook-Pro-4.local" time="2.548">
  <properties/>
  <testcase name="startingTwiceDoesNotGiveAMatchTwoClocks()" classname="network.server.MatchServiceTest" time="0.507"/>
  <testcase name="aMatchKnowsWhoIsPlayingWhichSide()" classname="network.server.MatchServiceTest" time="0.0"/>
  <testcase name="shutdownStopsTheClock()" classname="network.server.MatchServiceTest" time="0.711"/>
  <testcase name="anOpenMatchIsAdvancedByTheServer()" classname="network.server.MatchServiceTest" time="0.309"/>
  <testcase name="aFinishedMatchIsReportedOnceAndThenForgotten()" classname="network.server.MatchServiceTest" time="0.411"/>
  <testcase name="oneBadMatchDoesNotStopTheOthers()" classname="network.server.MatchServiceTest" time="0.608"/>
  <system-out><![CDATA[A sun-imp takes its place in lane 1.
A sun-imp takes its place in lane 2.
A sun-imp takes its place in lane 3.
A sun-imp takes its place in lane 4.
A sun-imp takes its place in lane 5.
A sun-imp takes its place in lane 1.
A sun-imp takes its place in lane 2.
A sun-imp takes its place in lane 3.
A sun-imp takes its place in lane 4.
A sun-imp takes its place in lane 5.
A sun-imp takes its place in lane 1.
A sun-imp takes its place in lane 2.
A sun-imp takes its place in lane 3.
A sun-imp takes its place in lane 4.
A sun-imp takes its place in lane 5.
A sun-imp takes its place in lane 1.
A sun-imp takes its place in lane 2.
A sun-imp takes its place in lane 3.
A sun-imp takes its place in lane 4.
A sun-imp takes its place in lane 5.
A sun-imp takes its place in lane 1.
A sun-imp takes its place in lane 2.
A sun-imp takes its place in lane 3.
A sun-imp takes its place in lane 4.
A sun-imp takes its place in lane 5.
zombie sun-imp produced a sun at (9, 1); you now have 175 sun.
zombie sun-imp produced a sun at (9, 2); you now have 200 sun.
zombie sun-imp produced a sun at (9, 3); you now have 225 sun.
zombie sun-imp produced a sun at (9, 4); you now have 250 sun.
zombie sun-imp produced a sun at (9, 5); you now have 275 sun.
zombie sun-imp produced a sun at (9, 1); you now have 300 sun.
zombie sun-imp produced a sun at (9, 2); you now have 325 sun.
zombie sun-imp produced a sun at (9, 3); you now have 350 sun.
zombie sun-imp produced a sun at (9, 4); you now have 375 sun.
zombie sun-imp produced a sun at (9, 5); you now have 400 sun.
zombie sun-imp produced a sun at (9, 1); you now have 425 sun.
zombie sun-imp produced a sun at (9, 2); you now have 450 sun.
zombie sun-imp produced a sun at (9, 3); you now have 475 sun.
zombie sun-imp produced a sun at (9, 4); you now have 500 sun.
zombie sun-imp produced a sun at (9, 5); you now have 525 sun.
zombie sun-imp produced a sun at (9, 1); you now have 550 sun.
zombie sun-imp produced a sun at (9, 2); you now have 575 sun.
zombie sun-imp produced a sun at (9, 3); you now have 600 sun.
zombie sun-imp produced a sun at (9, 4); you now have 625 sun.
zombie sun-imp produced a sun at (9, 5); you now have 650 sun.
zombie sun-imp produced a sun at (9, 1); you now have 675 sun.
zombie sun-imp produced a sun at (9, 2); you now have 700 sun.
zombie sun-imp produced a sun at (9, 3); you now have 725 sun.
zombie sun-imp produced a sun at (9, 4); you now have 750 sun.
zombie sun-imp produced a sun at (9, 5); you now have 775 sun.
zombie sun-imp produced a sun at (9, 1); you now have 800 sun.
zombie sun-imp produced a sun at (9, 2); you now have 825 sun.
zombie sun-imp produced a sun at (9, 3); you now have 850 sun.
zombie sun-imp produced a sun at (9, 4); you now have 875 sun.
zombie sun-imp produced a sun at (9, 5); you now have 900 sun.
zombie sun-imp produced a sun at (9, 1); you now have 925 sun.
zombie sun-imp produced a sun at (9, 2); you now have 950 sun.
zombie sun-imp produced a sun at (9, 3); you now have 975 sun.
zombie sun-imp produced a sun at (9, 4); you now have 1000 sun.
zombie sun-imp produced a sun at (9, 5); you now have 1025 sun.
zombie sun-imp produced a sun at (9, 1); you now have 1050 sun.
zombie sun-imp produced a sun at (9, 2); you now have 1075 sun.
zombie sun-imp produced a sun at (9, 3); you now have 1100 sun.
zombie sun-imp produced a sun at (9, 4); you now have 1125 sun.
zombie sun-imp produced a sun at (9, 5); you now have 1150 sun.
A sun-imp takes its place in lane 1.
A sun-imp takes its place in lane 2.
A sun-imp takes its place in lane 3.
A sun-imp takes its place in lane 4.
A sun-imp takes its place in lane 5.
A sun-imp takes its place in lane 1.
A sun-imp takes its place in lane 2.
A sun-imp takes its place in lane 3.
A sun-imp takes its place in lane 4.
A sun-imp takes its place in lane 5.
match cbd66183-0b9c-4598-9a4f-b3ca6d652432 failed a tick: java.lang.IllegalStateException: this match is broken
]]></system-out>
  <system-err><![CDATA[]]></system-err>
</testsuite>
