<?xml version="1.0" encoding="UTF-8"?>
<testsuite name="model.game.minigame.arcade.IZombiePlantPlacementTest" tests="10" skipped="0" failures="0" errors="0" timestamp="2026-08-31T06:57:54.560Z" hostname="MacBook-Pro-4.local" time="0.004">
  <properties/>
  <testcase name="theRedLineIsTheEdgeOfTheDefendersHalf()" classname="model.game.minigame.arcade.IZombiePlantPlacementTest" time="0.001"/>
  <testcase name="aTileOnlyHoldsOnePlant()" classname="model.game.minigame.arcade.IZombiePlantPlacementTest" time="0.0"/>
  <testcase name="theSeededCutoutsKnowWhatTheyAre()" classname="model.game.minigame.arcade.IZombiePlantPlacementTest" time="0.0"/>
  <testcase name="aPlantIsRefusedWhenThereIsNoSunForIt()" classname="model.game.minigame.arcade.IZombiePlantPlacementTest" time="0.0"/>
  <testcase name="theRosterIsPricedOutOfTheGamesOwnCatalogue()" classname="model.game.minigame.arcade.IZombiePlantPlacementTest" time="0.0"/>
  <testcase name="aPlantGoesDownOnAFreeTileLeftOfTheRedLine()" classname="model.game.minigame.arcade.IZombiePlantPlacementTest" time="0.0"/>
  <testcase name="aSunflowerPaysOutOnTheCatalogueCadence()" classname="model.game.minigame.arcade.IZombiePlantPlacementTest" time="0.0"/>
  <testcase name="aTypeHasToRechargeBeforeItIsPlacedAgain()" classname="model.game.minigame.arcade.IZombiePlantPlacementTest" time="0.001"/>
  <testcase name="aZombieOnTheTileBlocksThePlanting()" classname="model.game.minigame.arcade.IZombiePlantPlacementTest" time="0.0"/>
  <testcase name="anUnknownPlantIsRefusedByName()" classname="model.game.minigame.arcade.IZombiePlantPlacementTest" time="0.0"/>
  <system-out><![CDATA[A sun-imp takes its place in lane 1.
A sun-imp takes its place in lane 2.
A sun-imp takes its place in lane 3.
A sun-imp takes its place in lane 4.
A sun-imp takes its place in lane 5.
A sun-imp takes its place in lane 1.
A sun-imp takes its place in lane 2.
A sun-imp takes its place in lane 3.
A sun-imp takes its place in lane 4.
A sun-imp takes its place in lane 5.
A sun-imp takes its place in lane 1.
A sun-imp takes its place in lane 2.
A sun-imp takes its place in lane 3.
A sun-imp takes its place in lane 4.
A sun-imp takes its place in lane 5.
A sun-imp takes its place in lane 1.
A sun-imp takes its place in lane 2.
A sun-imp takes its place in lane 3.
A sun-imp takes its place in lane 4.
A sun-imp takes its place in lane 5.
A sun-imp takes its place in lane 1.
A sun-imp takes its place in lane 2.
A sun-imp takes its place in lane 3.
A sun-imp takes its place in lane 4.
A sun-imp takes its place in lane 5.
A sun-imp takes its place in lane 1.
A sun-imp takes its place in lane 2.
A sun-imp takes its place in lane 3.
A sun-imp takes its place in lane 4.
A sun-imp takes its place in lane 5.
zombie sun-imp produced a sun at (9, 1); you now have 175 sun.
zombie sun-imp produced a sun at (9, 2); you now have 200 sun.
zombie sun-imp produced a sun at (9, 3); you now have 225 sun.
zombie sun-imp produced a sun at (9, 4); you now have 250 sun.
zombie sun-imp produced a sun at (9, 5); you now have 275 sun.
A sun-imp takes its place in lane 1.
A sun-imp takes its place in lane 2.
A sun-imp takes its place in lane 3.
A sun-imp takes its place in lane 4.
A sun-imp takes its place in lane 5.
A sun-imp takes its place in lane 1.
A sun-imp takes its place in lane 2.
A sun-imp takes its place in lane 3.
A sun-imp takes its place in lane 4.
A sun-imp takes its place in lane 5.
Zombie of type basic is dead at (5, 1).
zombie sun-imp produced a sun at (9, 1); you now have 125 sun.
zombie sun-imp produced a sun at (9, 2); you now have 150 sun.
zombie sun-imp produced a sun at (9, 3); you now have 175 sun.
zombie sun-imp produced a sun at (9, 4); you now have 200 sun.
zombie sun-imp produced a sun at (9, 5); you now have 225 sun.
A sun-imp takes its place in lane 1.
A sun-imp takes its place in lane 2.
A sun-imp takes its place in lane 3.
A sun-imp takes its place in lane 4.
A sun-imp takes its place in lane 5.
]]></system-out>
  <system-err><![CDATA[]]></system-err>
</testsuite>
