<?xml version="1.0" encoding="UTF-8"?>
<testsuite name="network.server.MatchmakingServiceTest" tests="7" skipped="0" failures="0" errors="0" timestamp="2026-08-31T06:57:57.155Z" hostname="MacBook-Pro-4.local" time="0.003">
  <properties/>
  <testcase name="cancellingLeavesTheQueueAndDropsTheInvites()" classname="network.server.MatchmakingServiceTest" time="0.002"/>
  <testcase name="anInviteCanOnlyBeAcceptedOnce()" classname="network.server.MatchmakingServiceTest" time="0.0"/>
  <testcase name="theQueuePairsTheSecondPlayerWithTheFirst()" classname="network.server.MatchmakingServiceTest" time="0.0"/>
  <testcase name="theRecipientCheckIgnoresCase()" classname="network.server.MatchmakingServiceTest" time="0.001"/>
  <testcase name="queueingTwiceDoesNotPairAPlayerWithThemselves()" classname="network.server.MatchmakingServiceTest" time="0.0"/>
  <testcase name="onlyTheAddresseeCanAcceptAnInvite()" classname="network.server.MatchmakingServiceTest" time="0.0"/>
  <testcase name="anUnknownInviteIsRefused()" classname="network.server.MatchmakingServiceTest" time="0.0"/>
  <system-out><![CDATA[]]></system-out>
  <system-err><![CDATA[]]></system-err>
</testsuite>
