<?xml version="1.0" encoding="UTF-8"?>
<testsuite name="model.game.zombie.behavior.ZombossActionTest" tests="11" skipped="0" failures="0" errors="0" timestamp="2026-08-31T06:57:54.592Z" hostname="MacBook-Pro-4.local" time="0.004">
  <properties/>
  <testcase name="everySegmentAfterTheFirstStunsItToo()" classname="model.game.zombie.behavior.ZombossActionTest" time="0.0"/>
  <testcase name="aDeadBossIsNotStunnedItIsJustDead()" classname="model.game.zombie.behavior.ZombossActionTest" time="0.0"/>
  <testcase name="itStandsInTwoRowsSoPlantsInEitherCanShootIt()" classname="model.game.zombie.behavior.ZombossActionTest" time="0.0"/>
  <testcase name="itHoldsTheRightHandColumnsInsteadOfWalkingToTheHouse()" classname="model.game.zombie.behavior.ZombossActionTest" time="0.001"/>
  <testcase name="losingASegmentStunsIt()" classname="model.game.zombie.behavior.ZombossActionTest" time="0.0"/>
  <testcase name="bothOfItsLanesAreAlwaysOnTheBoard()" classname="model.game.zombie.behavior.ZombossActionTest" time="0.0"/>
  <testcase name="theFrostbiteMammothSpawnsNoZombies()" classname="model.game.zombie.behavior.ZombossActionTest" time="0.001"/>
  <testcase name="chewingThroughTheSameSegmentOnlyStunsItOnce()" classname="model.game.zombie.behavior.ZombossActionTest" time="0.0"/>
  <testcase name="theStunWearsOffAndItDoesNotFireAgainWhileItLasts()" classname="model.game.zombie.behavior.ZombossActionTest" time="0.0"/>
  <testcase name="itMovesBetweenRows()" classname="model.game.zombie.behavior.ZombossActionTest" time="0.002"/>
  <testcase name="theFrostbiteMammothStaysInItsRows()" classname="model.game.zombie.behavior.ZombossActionTest" time="0.0"/>
  <system-out><![CDATA[ZombieZombossMech took a segment of damage and is stunned! 2 of 3 segments left.
ZombieZombossMech took a segment of damage and is stunned! 1 of 3 segments left.
ZombieZombossMech fired an ice missile at (9, 5)!
ZombieZombossMech fired an ice missile at (1, 5)!
ZombieZombossMech fired an ice missile at (8, 1)!
ZombieZombossMech fired an ice missile at (1, 2)!
ZombieZombossMech sent an ice wind tearing down rows 1 and 2!
Column 6 froze solid, zombies and all.
ZombieZombossMech fired an ice missile at (1, 1)!
ZombieZombossMech fired an ice missile at (2, 4)!
ZombieZombossMech fired an ice missile at (4, 4)!
ZombieZombossMech fired an ice missile at (7, 5)!
ZombieZombossMech sent an ice wind tearing down rows 3 and 5!
Column 6 froze solid, zombies and all.
ZombieZombossMech fired an ice missile at (2, 3)!
ZombieZombossMech fired an ice missile at (2, 1)!
ZombieZombossMech fired an ice missile at (2, 1)!
ZombieZombossMech sent an ice wind tearing down rows 1 and 4!
Column 4 froze solid, zombies and all.
ZombieZombossMech fired an ice missile at (3, 3)!
ZombieZombossMech fired an ice missile at (9, 3)!
ZombieZombossMech fired an ice missile at (9, 3)!
ZombieZombossMech fired an ice missile at (7, 1)!
ZombieZombossMech sent an ice wind tearing down rows 4 and 3!
Column 3 froze solid, zombies and all.
ZombieZombossMech fired an ice missile at (5, 1)!
ZombieZombossMech fired an ice missile at (1, 5)!
ZombieZombossMech fired an ice missile at (5, 4)!
ZombieZombossMech sent an ice wind tearing down rows 2 and 5!
Column 4 froze solid, zombies and all.
ZombieZombossMech fired an ice missile at (3, 3)!
ZombieZombossMech fired an ice missile at (6, 4)!
ZombieZombossMech fired an ice missile at (3, 3)!
ZombieZombossMech fired an ice missile at (3, 4)!
ZombieZombossMech took a segment of damage and is stunned! 2 of 3 segments left.
ZombieZombossMech fired an ice missile at (8, 2)!
ZombieZombossMech fired an ice missile at (6, 2)!
ZombieZombossMech fired an ice missile at (9, 5)!
ZombieZombossMech fired an ice missile at (6, 1)!
ZombieZombossMech sent an ice wind tearing down rows 4 and 1!
Column 9 froze solid, zombies and all.
ZombieZombossMech fired an ice missile at (8, 1)!
ZombieZombossMech fired an ice missile at (8, 3)!
ZombieZombossMech fired an ice missile at (1, 4)!
ZombieZombossMech fired an ice missile at (6, 5)!
ZombieZombossMech sent an ice wind tearing down rows 5 and 3!
Column 4 froze solid, zombies and all.
ZombieZombossMech fired an ice missile at (7, 1)!
ZombieZombossMech took a segment of damage and is stunned! 2 of 3 segments left.
ZombieZombossMech fired a missile at (2, 4)!
The blast threw up a grave at (9, 5).
The blast threw up a grave at (9, 1).
ZombieZombossMech took a segment of damage and is stunned! 2 of 3 segments left.
ZombieZombossMech fired a missile at (9, 2)!
The blast threw up a grave at (8, 5).
The blast threw up a grave at (9, 3).
ZombieZombossMech fired a missile at (9, 3)!
The blast threw up a grave at (2, 3).
The blast threw up a grave at (5, 3).
ZombieZombossMech dropped a Imp into row 3!
ZombieZombossMech stomped across into rows 1 and 2.
ZombieZombossMech fired a missile at (3, 4)!
The blast threw up a grave at (5, 1).
The blast threw up a grave at (3, 4).
ZombieZombossMech fired a missile at (3, 1)!
The blast threw up a grave at (8, 1).
The blast threw up a grave at (7, 4).
ZombieZombossMech dropped a Imp into row 1!
ZombieZombossMech is charging down rows 1 and 2!
ZombieZombossMech jumped back to the far side of the lawn.
ZombieZombossMech fired a missile at (5, 4)!
The blast threw up a grave at (2, 3).
The blast threw up a grave at (3, 1).
ZombieZombossMech stomped across into rows 4 and 5.
ZombieZombossMech fired a missile at (1, 1)!
The blast threw up a grave at (3, 3).
The blast threw up a grave at (7, 5).
ZombieZombossMech dropped a ConeHead into row 3!
ZombieZombossMech fired a missile at (9, 1)!
The blast threw up a grave at (8, 5).
The blast threw up a grave at (5, 1).
ZombieZombossMech is charging down rows 4 and 5!
ZombieZombossMech jumped back to the far side of the lawn.
ZombieZombossMech stomped across into rows 1 and 2.
ZombieZombossMech fired a missile at (7, 1)!
The blast threw up a grave at (3, 4).
The blast threw up a grave at (3, 1).
ZombieZombossMech dropped a Imp into row 2!
ZombieZombossMech fired a missile at (5, 1)!
The blast threw up a grave at (3, 1).
The blast threw up a grave at (9, 2).
ZombieZombossMech fired an ice missile at (9, 5)!
ZombieZombossMech fired an ice missile at (5, 2)!
ZombieZombossMech fired an ice missile at (7, 5)!
ZombieZombossMech fired an ice missile at (3, 4)!
ZombieZombossMech sent an ice wind tearing down rows 5 and 2!
Column 6 froze solid, zombies and all.
ZombieZombossMech fired an ice missile at (8, 4)!
ZombieZombossMech fired an ice missile at (4, 1)!
ZombieZombossMech fired an ice missile at (9, 5)!
ZombieZombossMech fired an ice missile at (6, 3)!
ZombieZombossMech sent an ice wind tearing down rows 2 and 3!
Column 5 froze solid, zombies and all.
ZombieZombossMech fired an ice missile at (1, 1)!
]]></system-out>
  <system-err><![CDATA[]]></system-err>
</testsuite>
