<?xml version="1.0" encoding="UTF-8"?>
<testsuite name="view.gdx.audio.GameAudioTest" tests="4" skipped="0" failures="0" errors="0" timestamp="2026-08-28T21:31:47.096Z" hostname="MacBook-Pro-4.local" time="0.01">
  <properties/>
  <testcase name="everyDeclaredSoundHasAFileBehindIt()" classname="view.gdx.audio.GameAudioTest" time="0.005"/>
  <testcase name="everyEntryPointIsSilentWithoutAnAudioDevice()" classname="view.gdx.audio.GameAudioTest" time="0.003"/>
  <testcase name="mutingSilencesBothWithoutLosingTheChosenLevels()" classname="view.gdx.audio.GameAudioTest" time="0.001"/>
  <testcase name="volumesAreClampedToTheSliderRange()" classname="view.gdx.audio.GameAudioTest" time="0.0"/>
  <system-out><![CDATA[]]></system-out>
  <system-err><![CDATA[]]></system-err>
</testsuite>
