<?xml version="1.0" encoding="UTF-8"?>
<testsuite name="model.game.DifficultyScalingTest" tests="4" skipped="0" failures="0" errors="0" timestamp="2026-08-28T21:31:44.430Z" hostname="MacBook-Pro-4.local" time="0.02">
  <properties/>
  <testcase name="aWaveHoldsMoreZombiesAtLevelFiveThanAtLevelOne()" classname="model.game.DifficultyScalingTest" time="0.017"/>
  <testcase name="aZombieIsTougherAndFasterAtLevelFiveThanAtLevelOne()" classname="model.game.DifficultyScalingTest" time="0.001"/>
  <testcase name="levelThreeLeavesAZombiesStatsAsTheRosterHasThem()" classname="model.game.DifficultyScalingTest" time="0.0"/>
  <testcase name="lessSunFallsAtLevelFiveThanAtLevelOne()" classname="model.game.DifficultyScalingTest" time="0.002"/>
  <system-out><![CDATA[Wave 1 started.
Zombie ZombieMummyDefault spawned at wave 1 in lane 3 which costed 60.
Zombie ZombieMummyDefault spawned at wave 1 in lane 2 which costed 60.
Zombie ZombieMummyDefault spawned at wave 1 in lane 5 which costed 60.
Zombie ZombieMummyDefault spawned at wave 1 in lane 4 which costed 60.
Zombie ZombieMummyDefault spawned at wave 1 in lane 5 which costed 60.
Zombie ZombieMummyDefault spawned at wave 1 in lane 2 which costed 60.
Zombie ZombieMummyDefault spawned at wave 1 in lane 4 which costed 60.
Zombie ZombieMummyDefault spawned at wave 1 in lane 2 which costed 60.
Wave 1 started.
Zombie ZombieMummyDefault spawned at wave 1 in lane 2 which costed 300.
New normal sun is dropping at position (8, 1)
New normal sun is dropping at position (2, 3)
New normal sun is dropping at position (2, 3)
New normal sun is dropping at position (4, 5)
New normal sun is dropping at position (5, 3)
New normal sun is dropping at position (6, 1)
New normal sun is dropping at position (3, 4)
New normal sun is dropping at position (1, 4)
New normal sun is dropping at position (6, 1)
New normal sun is dropping at position (3, 5)
New normal sun is dropping at position (5, 4)
New normal sun is dropping at position (2, 4)
New normal sun is dropping at position (7, 2)
New normal sun is dropping at position (9, 1)
New normal sun is dropping at position (6, 4)
New large sun is dropping at position (5, 1)
New normal sun is dropping at position (7, 1)
New normal sun is dropping at position (1, 1)
New large sun is dropping at position (4, 5)
New normal sun is dropping at position (8, 2)
New normal sun is dropping at position (1, 3)
New normal sun is dropping at position (4, 2)
New normal sun is dropping at position (6, 1)
New normal sun is dropping at position (4, 1)
New large sun is dropping at position (7, 5)
New large sun is dropping at position (3, 1)
New normal sun is dropping at position (5, 2)
New normal sun is dropping at position (9, 2)
New normal sun is dropping at position (4, 4)
New normal sun is dropping at position (1, 4)
New normal sun is dropping at position (1, 4)
New normal sun is dropping at position (7, 3)
New radioactive sun is dropping at position (4, 3)
New normal sun is dropping at position (1, 2)
New normal sun is dropping at position (3, 2)
New normal sun is dropping at position (4, 4)
New normal sun is dropping at position (1, 2)
New normal sun is dropping at position (7, 1)
New normal sun is dropping at position (4, 5)
New normal sun is dropping at position (9, 3)
New normal sun is dropping at position (4, 3)
New normal sun is dropping at position (9, 1)
New normal sun is dropping at position (1, 2)
New normal sun is dropping at position (5, 3)
New large sun is dropping at position (5, 3)
New normal sun is dropping at position (4, 1)
]]></system-out>
  <system-err><![CDATA[]]></system-err>
</testsuite>
