<?xml version="1.0" encoding="UTF-8"?>
<testsuite name="model.account.UnlockAllChaptersTest" tests="2" skipped="0" failures="0" errors="0" timestamp="2026-08-31T06:57:54.427Z" hostname="MacBook-Pro-4.local" time="0.002">
  <properties/>
  <testcase name="aFreshAccountOnlyHasTheFirstChapter()" classname="model.account.UnlockAllChaptersTest" time="0.001"/>
  <testcase name="everyChapterAndLevelOpens()" classname="model.account.UnlockAllChaptersTest" time="0.001"/>
  <system-out><![CDATA[]]></system-out>
  <system-err><![CDATA[]]></system-err>
</testsuite>
