<?xml version="1.0" encoding="UTF-8"?>
<testsuite name="model.game.minigame.arcade.BeghouledEngineTest" tests="12" skipped="0" failures="0" errors="0" timestamp="2026-08-31T06:57:54.505Z" hostname="MacBook-Pro-4.local" time="0.034">
  <properties/>
  <testcase name="aCraterIsPermanentAndNeverGetsAPlantAgain()" classname="model.game.minigame.arcade.BeghouledEngineTest" time="0.002"/>
  <testcase name="aFreshBoardHasNoMatchAlreadySittingOnIt()" classname="model.game.minigame.arcade.BeghouledEngineTest" time="0.002"/>
  <testcase name="aSwapThatCreatesAMatchGrantsSunAndCountsTowardsTheTarget()" classname="model.game.minigame.arcade.BeghouledEngineTest" time="0.001"/>
  <testcase name="anUpgradeConvertsEveryMatchingPlantAndSpendsSun()" classname="model.game.minigame.arcade.BeghouledEngineTest" time="0.001"/>
  <testcase name="swappingOffTheBoardIsRejected()" classname="model.game.minigame.arcade.BeghouledEngineTest" time="0.0"/>
  <testcase name="eatingNeverLeavesTheBoardWithNoLegalMove()" classname="model.game.minigame.arcade.BeghouledEngineTest" time="0.024"/>
  <testcase name="swappingTwoTilesThatAreNotNeighboursIsRejected()" classname="model.game.minigame.arcade.BeghouledEngineTest" time="0.001"/>
  <testcase name="anUpgradeWithoutEnoughSunIsRefused()" classname="model.game.minigame.arcade.BeghouledEngineTest" time="0.0"/>
  <testcase name="reachingTheMatchTargetWinsTheGame()" classname="model.game.minigame.arcade.BeghouledEngineTest" time="0.0"/>
  <testcase name="aFreshBoardAlwaysHasAtLeastOneLegalMove()" classname="model.game.minigame.arcade.BeghouledEngineTest" time="0.001"/>
  <testcase name="anUpgradeForAnUnknownPlantIsRefused()" classname="model.game.minigame.arcade.BeghouledEngineTest" time="0.0"/>
  <testcase name="aSwapThatDoesNotCreateAMatchIsRefusedAndTheBoardIsRestored()" classname="model.game.minigame.arcade.BeghouledEngineTest" time="0.001"/>
  <system-out><![CDATA[A zombie ate the peashooter at (9, 1); that tile is now a crater.
A zombie ate the puff-shroom at (8, 1); that tile is now a crater.
A zombie ate the puff-shroom at (9, 3); that tile is now a crater.
A zombie ate the cabbage-pult at (7, 1); that tile is now a crater.
A zombie ate the puff-shroom at (8, 3); that tile is now a crater.
A zombie ate the puff-shroom at (6, 1); that tile is now a crater.
A zombie ate the cabbage-pult at (9, 5); that tile is now a crater.
A zombie ate the cabbage-pult at (7, 3); that tile is now a crater.
A zombie ate the peashooter at (5, 1); that tile is now a crater.
A zombie ate the wall-nut at (8, 5); that tile is now a crater.
A zombie ate the sunflower at (6, 3); that tile is now a crater.
A zombie ate the puff-shroom at (4, 1); that tile is now a crater.
A zombie ate the cabbage-pult at (9, 2); that tile is now a crater.
A zombie ate the cabbage-pult at (7, 5); that tile is now a crater.
A zombie ate the cabbage-pult at (5, 3); that tile is now a crater.
A zombie ate the peashooter at (3, 1); that tile is now a crater.
A zombie ate the sunflower at (8, 2); that tile is now a crater.
A zombie ate the peashooter at (6, 5); that tile is now a crater.
A zombie ate the puff-shroom at (4, 3); that tile is now a crater.
A zombie ate the puff-shroom at (2, 1); that tile is now a crater.
No moves left! The lawn reshuffles itself.
A zombie ate the wall-nut at (7, 2); that tile is now a crater.
A zombie ate the peashooter at (5, 5); that tile is now a crater.
A zombie ate the sunflower at (3, 3); that tile is now a crater.
A zombie ate the sunflower at (1, 1); that tile is now a crater.
The zombie ate your brain; LOSER!!!
Match of 3 peashooter starting at (2, 2): +50 sun.
Match of 3 puff-shroom starting at (4, 1): +50 sun.
Match of 3 sunflower starting at (3, 2): +50 sun.
Match of 3 cabbage-pult starting at (4, 3): +50 sun.
Match of 3 cabbage-pult starting at (4, 2): +50 sun.
Match of 3 wall-nut starting at (5, 2): +50 sun.
A zombie ate the cabbage-pult at (9, 2); that tile is now a crater.
A zombie ate the sunflower at (8, 2); that tile is now a crater.
A zombie ate the cabbage-pult at (7, 2); that tile is now a crater.
A zombie ate the puff-shroom at (6, 2); that tile is now a crater.
A zombie ate the puff-shroom at (5, 2); that tile is now a crater.
A zombie ate the wall-nut at (9, 5); that tile is now a crater.
A zombie ate the peashooter at (4, 2); that tile is now a crater.
A zombie ate the puff-shroom at (3, 2); that tile is now a crater.
A zombie ate the sunflower at (8, 5); that tile is now a crater.
A zombie ate the peashooter at (2, 2); that tile is now a crater.
A zombie ate the peashooter at (7, 5); that tile is now a crater.
A zombie ate the sunflower at (1, 2); that tile is now a crater.
The zombie ate your brain; LOSER!!!
A zombie ate the puff-shroom at (9, 5); that tile is now a crater.
A zombie ate the sunflower at (8, 5); that tile is now a crater.
A zombie ate the puff-shroom at (9, 3); that tile is now a crater.
A zombie ate the puff-shroom at (7, 5); that tile is now a crater.
A zombie ate the wall-nut at (8, 3); that tile is now a crater.
A zombie ate the cabbage-pult at (6, 5); that tile is now a crater.
A zombie ate the sunflower at (7, 3); that tile is now a crater.
A zombie ate the peashooter at (5, 5); that tile is now a crater.
A zombie ate the puff-shroom at (6, 3); that tile is now a crater.
A zombie ate the sunflower at (4, 5); that tile is now a crater.
A zombie ate the cabbage-pult at (3, 5); that tile is now a crater.
A zombie ate the cabbage-pult at (9, 2); that tile is now a crater.
A zombie ate the wall-nut at (5, 3); that tile is now a crater.
A zombie ate the wall-nut at (2, 5); that tile is now a crater.
A zombie ate the sunflower at (8, 2); that tile is now a crater.
A zombie ate the cabbage-pult at (1, 5); that tile is now a crater.
The zombie ate your brain; LOSER!!!
A zombie ate the peashooter at (9, 5); that tile is now a crater.
A zombie ate the puff-shroom at (8, 5); that tile is now a crater.
A zombie ate the puff-shroom at (9, 3); that tile is now a crater.
A zombie ate the cabbage-pult at (7, 5); that tile is now a crater.
A zombie ate the cabbage-pult at (8, 3); that tile is now a crater.
A zombie ate the puff-shroom at (6, 5); that tile is now a crater.
A zombie ate the sunflower at (9, 4); that tile is now a crater.
A zombie ate the sunflower at (7, 3); that tile is now a crater.
A zombie ate the wall-nut at (5, 5); that tile is now a crater.
A zombie ate the puff-shroom at (8, 4); that tile is now a crater.
A zombie ate the puff-shroom at (6, 3); that tile is now a crater.
A zombie ate the puff-shroom at (4, 5); that tile is now a crater.
A zombie ate the cabbage-pult at (7, 4); that tile is now a crater.
A zombie ate the sunflower at (5, 3); that tile is now a crater.
A zombie ate the peashooter at (3, 5); that tile is now a crater.
A zombie ate the wall-nut at (6, 4); that tile is now a crater.
A zombie ate the cabbage-pult at (4, 3); that tile is now a crater.
A zombie ate the puff-shroom at (2, 5); that tile is now a crater.
A zombie ate the sunflower at (1, 5); that tile is now a crater.
A zombie ate the cabbage-pult at (9, 2); that tile is now a crater.
The zombie ate your brain; LOSER!!!
A zombie ate the puff-shroom at (9, 2); that tile is now a crater.
A zombie ate the peashooter at (8, 2); that tile is now a crater.
A zombie ate the sunflower at (9, 1); that tile is now a crater.
A zombie ate the wall-nut at (7, 2); that tile is now a crater.
A zombie ate the puff-shroom at (8, 1); that tile is now a crater.
A zombie ate the puff-shroom at (6, 2); that tile is now a crater.
A zombie ate the wall-nut at (9, 5); that tile is now a crater.
A zombie ate the wall-nut at (7, 1); that tile is now a crater.
A zombie ate the sunflower at (5, 2); that tile is now a crater.
A zombie ate the sunflower at (8, 5); that tile is now a crater.
A zombie ate the wall-nut at (6, 1); that tile is now a crater.
A zombie ate the cabbage-pult at (4, 2); that tile is now a crater.
A zombie ate the wall-nut at (7, 5); that tile is now a crater.
A zombie ate the puff-shroom at (5, 1); that tile is now a crater.
A zombie ate the sunflower at (3, 2); that tile is now a crater.
A zombie ate the wall-nut at (6, 5); that tile is now a crater.
A zombie ate the puff-shroom at (4, 1); that tile is now a crater.
A zombie ate the cabbage-pult at (2, 2); that tile is now a crater.
A zombie ate the peashooter at (1, 2); that tile is now a crater.
A zombie ate the cabbage-pult at (9, 4); that tile is now a crater.
The zombie ate your brain; LOSER!!!
A zombie ate the wall-nut at (9, 3); that tile is now a crater.
A zombie ate the peashooter at (8, 3); that tile is now a crater.
A zombie ate the cabbage-pult at (9, 5); that tile is now a crater.
A zombie ate the cabbage-pult at (7, 3); that tile is now a crater.
A zombie ate the sunflower at (8, 5); that tile is now a crater.
A zombie ate the puff-shroom at (6, 3); that tile is now a crater.
A zombie ate the cabbage-pult at (7, 5); that tile is now a crater.
A zombie ate the sunflower at (5, 3); that tile is now a crater.
A zombie ate the puff-shroom at (6, 5); that tile is now a crater.
A zombie ate the sunflower at (4, 3); that tile is now a crater.
A zombie ate the peashooter at (3, 3); that tile is now a crater.
A zombie ate the cabbage-pult at (9, 1); that tile is now a crater.
A zombie ate the cabbage-pult at (5, 5); that tile is now a crater.
A zombie ate the puff-shroom at (2, 3); that tile is now a crater.
A zombie ate the peashooter at (8, 1); that tile is now a crater.
A zombie ate the wall-nut at (1, 3); that tile is now a crater.
The zombie ate your brain; LOSER!!!
A zombie ate the puff-shroom at (9, 2); that tile is now a crater.
A zombie ate the peashooter at (8, 2); that tile is now a crater.
A zombie ate the wall-nut at (9, 1); that tile is now a crater.
A zombie ate the sunflower at (7, 2); that tile is now a crater.
A zombie ate the cabbage-pult at (8, 1); that tile is now a crater.
A zombie ate the puff-shroom at (6, 2); that tile is now a crater.
A zombie ate the sunflower at (9, 5); that tile is now a crater.
A zombie ate the puff-shroom at (7, 1); that tile is now a crater.
A zombie ate the sunflower at (5, 2); that tile is now a crater.
A zombie ate the sunflower at (8, 5); that tile is now a crater.
A zombie ate the puff-shroom at (6, 1); that tile is now a crater.
A zombie ate the puff-shroom at (4, 2); that tile is now a crater.
A zombie ate the puff-shroom at (9, 4); that tile is now a crater.
A zombie ate the puff-shroom at (7, 5); that tile is now a crater.
A zombie ate the peashooter at (5, 1); that tile is now a crater.
A zombie ate the wall-nut at (3, 2); that tile is now a crater.
A zombie ate the puff-shroom at (8, 4); that tile is now a crater.
A zombie ate the cabbage-pult at (6, 5); that tile is now a crater.
A zombie ate the wall-nut at (4, 1); that tile is now a crater.
A zombie ate the puff-shroom at (2, 2); that tile is now a crater.
A zombie ate the cabbage-pult at (7, 4); that tile is now a crater.
A zombie ate the peashooter at (5, 5); that tile is now a crater.
A zombie ate the sunflower at (3, 1); that tile is now a crater.
A zombie ate the cabbage-pult at (1, 2); that tile is now a crater.
A zombie ate the puff-shroom at (6, 4); that tile is now a crater.
The zombie ate your brain; LOSER!!!
A zombie ate the peashooter at (9, 3); that tile is now a crater.
A zombie ate the puff-shroom at (8, 3); that tile is now a crater.
A zombie ate the cabbage-pult at (7, 3); that tile is now a crater.
A zombie ate the wall-nut at (6, 3); that tile is now a crater.
A zombie ate the cabbage-pult at (5, 3); that tile is now a crater.
A zombie ate the wall-nut at (9, 4); that tile is now a crater.
A zombie ate the peashooter at (4, 3); that tile is now a crater.
A zombie ate the wall-nut at (3, 3); that tile is now a crater.
A zombie ate the peashooter at (8, 4); that tile is now a crater.
A zombie ate the puff-shroom at (2, 3); that tile is now a crater.
A zombie ate the cabbage-pult at (9, 1); that tile is now a crater.
A zombie ate the sunflower at (7, 4); that tile is now a crater.
A zombie ate the puff-shroom at (1, 3); that tile is now a crater.
The zombie ate your brain; LOSER!!!
A zombie ate the peashooter at (9, 1); that tile is now a crater.
A zombie ate the puff-shroom at (8, 1); that tile is now a crater.
A zombie ate the puff-shroom at (9, 3); that tile is now a crater.
A zombie ate the cabbage-pult at (7, 1); that tile is now a crater.
A zombie ate the puff-shroom at (8, 3); that tile is now a crater.
A zombie ate the puff-shroom at (6, 1); that tile is now a crater.
A zombie ate the cabbage-pult at (9, 5); that tile is now a crater.
A zombie ate the cabbage-pult at (7, 3); that tile is now a crater.
A zombie ate the peashooter at (5, 1); that tile is now a crater.
A zombie ate the wall-nut at (8, 5); that tile is now a crater.
A zombie ate the sunflower at (6, 3); that tile is now a crater.
A zombie ate the puff-shroom at (4, 1); that tile is now a crater.
A zombie ate the cabbage-pult at (9, 2); that tile is now a crater.
A zombie ate the cabbage-pult at (7, 5); that tile is now a crater.
A zombie ate the cabbage-pult at (5, 3); that tile is now a crater.
A zombie ate the peashooter at (3, 1); that tile is now a crater.
A zombie ate the sunflower at (8, 2); that tile is now a crater.
A zombie ate the peashooter at (6, 5); that tile is now a crater.
A zombie ate the puff-shroom at (4, 3); that tile is now a crater.
A zombie ate the puff-shroom at (2, 1); that tile is now a crater.
No moves left! The lawn reshuffles itself.
A zombie ate the wall-nut at (7, 2); that tile is now a crater.
A zombie ate the peashooter at (5, 5); that tile is now a crater.
A zombie ate the sunflower at (3, 3); that tile is now a crater.
A zombie ate the sunflower at (1, 1); that tile is now a crater.
The zombie ate your brain; LOSER!!!
A zombie ate the peashooter at (9, 3); that tile is now a crater.
A zombie ate the puff-shroom at (8, 3); that tile is now a crater.
A zombie ate the puff-shroom at (9, 2); that tile is now a crater.
A zombie ate the peashooter at (7, 3); that tile is now a crater.
A zombie ate the wall-nut at (8, 2); that tile is now a crater.
A zombie ate the wall-nut at (6, 3); that tile is now a crater.
A zombie ate the sunflower at (9, 1); that tile is now a crater.
A zombie ate the puff-shroom at (7, 2); that tile is now a crater.
A zombie ate the cabbage-pult at (5, 3); that tile is now a crater.
A zombie ate the sunflower at (8, 1); that tile is now a crater.
A zombie ate the sunflower at (6, 2); that tile is now a crater.
A zombie ate the peashooter at (4, 3); that tile is now a crater.
A zombie ate the wall-nut at (7, 1); that tile is now a crater.
A zombie ate the peashooter at (5, 2); that tile is now a crater.
A zombie ate the peashooter at (3, 3); that tile is now a crater.
A zombie ate the sunflower at (6, 1); that tile is now a crater.
A zombie ate the wall-nut at (4, 2); that tile is now a crater.
A zombie ate the sunflower at (2, 3); that tile is now a crater.
A zombie ate the puff-shroom at (1, 3); that tile is now a crater.
A zombie ate the sunflower at (9, 5); that tile is now a crater.
The zombie ate your brain; LOSER!!!
A zombie ate the puff-shroom at (9, 2); that tile is now a crater.
A zombie ate the sunflower at (8, 2); that tile is now a crater.
A zombie ate the cabbage-pult at (7, 2); that tile is now a crater.
A zombie ate the puff-shroom at (6, 2); that tile is now a crater.
A zombie ate the sunflower at (5, 2); that tile is now a crater.
A zombie ate the peashooter at (9, 3); that tile is now a crater.
A zombie ate the puff-shroom at (4, 2); that tile is now a crater.
A zombie ate the cabbage-pult at (3, 2); that tile is now a crater.
A zombie ate the sunflower at (8, 3); that tile is now a crater.
A zombie ate the wall-nut at (2, 2); that tile is now a crater.
A zombie ate the cabbage-pult at (9, 4); that tile is now a crater.
A zombie ate the puff-shroom at (7, 3); that tile is now a crater.
A zombie ate the wall-nut at (1, 2); that tile is now a crater.
The zombie ate your brain; LOSER!!!
A zombie ate the peashooter at (9, 3); that tile is now a crater.
A zombie ate the wall-nut at (8, 3); that tile is now a crater.
A zombie ate the cabbage-pult at (7, 3); that tile is now a crater.
A zombie ate the puff-shroom at (6, 3); that tile is now a crater.
A zombie ate the peashooter at (5, 3); that tile is now a crater.
A zombie ate the peashooter at (4, 3); that tile is now a crater.
A zombie ate the puff-shroom at (3, 3); that tile is now a crater.
A zombie ate the sunflower at (2, 3); that tile is now a crater.
A zombie ate the puff-shroom at (1, 3); that tile is now a crater.
The zombie ate your brain; LOSER!!!
A zombie ate the puff-shroom at (9, 5); that tile is now a crater.
A zombie ate the wall-nut at (8, 5); that tile is now a crater.
A zombie ate the wall-nut at (9, 2); that tile is now a crater.
A zombie ate the peashooter at (7, 5); that tile is now a crater.
A zombie ate the peashooter at (8, 2); that tile is now a crater.
A zombie ate the wall-nut at (6, 5); that tile is now a crater.
A zombie ate the puff-shroom at (7, 2); that tile is now a crater.
A zombie ate the peashooter at (5, 5); that tile is now a crater.
A zombie ate the puff-shroom at (6, 2); that tile is now a crater.
A zombie ate the wall-nut at (4, 5); that tile is now a crater.
A zombie ate the sunflower at (5, 2); that tile is now a crater.
A zombie ate the puff-shroom at (9, 3); that tile is now a crater.
A zombie ate the puff-shroom at (4, 2); that tile is now a crater.
A zombie ate the puff-shroom at (3, 5); that tile is now a crater.
A zombie ate the cabbage-pult at (3, 2); that tile is now a crater.
A zombie ate the sunflower at (8, 3); that tile is now a crater.
A zombie ate the wall-nut at (2, 2); that tile is now a crater.
A zombie ate the peashooter at (2, 5); that tile is now a crater.
A zombie ate the puff-shroom at (7, 3); that tile is now a crater.
A zombie ate the peashooter at (1, 2); that tile is now a crater.
The zombie ate your brain; LOSER!!!
A zombie ate the peashooter at (9, 5); that tile is now a crater.
A zombie ate the peashooter at (8, 5); that tile is now a crater.
A zombie ate the sunflower at (9, 3); that tile is now a crater.
A zombie ate the wall-nut at (7, 5); that tile is now a crater.
A zombie ate the peashooter at (8, 3); that tile is now a crater.
A zombie ate the sunflower at (6, 5); that tile is now a crater.
A zombie ate the sunflower at (7, 3); that tile is now a crater.
A zombie ate the cabbage-pult at (5, 5); that tile is now a crater.
A zombie ate the wall-nut at (6, 3); that tile is now a crater.
A zombie ate the wall-nut at (4, 5); that tile is now a crater.
A zombie ate the wall-nut at (5, 3); that tile is now a crater.
A zombie ate the sunflower at (9, 4); that tile is now a crater.
A zombie ate the peashooter at (4, 3); that tile is now a crater.
A zombie ate the puff-shroom at (3, 5); that tile is now a crater.
A zombie ate the sunflower at (3, 3); that tile is now a crater.
A zombie ate the puff-shroom at (8, 4); that tile is now a crater.
A zombie ate the wall-nut at (2, 3); that tile is now a crater.
A zombie ate the cabbage-pult at (2, 5); that tile is now a crater.
A zombie ate the puff-shroom at (7, 4); that tile is now a crater.
A zombie ate the sunflower at (1, 3); that tile is now a crater.
The zombie ate your brain; LOSER!!!
A zombie ate the wall-nut at (9, 4); that tile is now a crater.
A zombie ate the cabbage-pult at (8, 4); that tile is now a crater.
A zombie ate the peashooter at (9, 5); that tile is now a crater.
A zombie ate the puff-shroom at (7, 4); that tile is now a crater.
A zombie ate the cabbage-pult at (8, 5); that tile is now a crater.
A zombie ate the wall-nut at (6, 4); that tile is now a crater.
A zombie ate the sunflower at (9, 1); that tile is now a crater.
A zombie ate the wall-nut at (7, 5); that tile is now a crater.
A zombie ate the sunflower at (5, 4); that tile is now a crater.
A zombie ate the sunflower at (8, 1); that tile is now a crater.
A zombie ate the peashooter at (6, 5); that tile is now a crater.
A zombie ate the peashooter at (4, 4); that tile is now a crater.
A zombie ate the wall-nut at (7, 1); that tile is now a crater.
A zombie ate the cabbage-pult at (5, 5); that tile is now a crater.
A zombie ate the cabbage-pult at (3, 4); that tile is now a crater.
A zombie ate the puff-shroom at (6, 1); that tile is now a crater.
A zombie ate the puff-shroom at (4, 5); that tile is now a crater.
A zombie ate the sunflower at (5, 1); that tile is now a crater.
A zombie ate the sunflower at (2, 4); that tile is now a crater.
A zombie ate the wall-nut at (4, 1); that tile is now a crater.
A zombie ate the sunflower at (3, 5); that tile is now a crater.
A zombie ate the sunflower at (1, 4); that tile is now a crater.
A zombie ate the peashooter at (3, 1); that tile is now a crater.
The zombie ate your brain; LOSER!!!
A zombie ate the sunflower at (9, 1); that tile is now a crater.
A zombie ate the puff-shroom at (8, 1); that tile is now a crater.
A zombie ate the wall-nut at (9, 5); that tile is now a crater.
A zombie ate the wall-nut at (7, 1); that tile is now a crater.
A zombie ate the puff-shroom at (8, 5); that tile is now a crater.
A zombie ate the cabbage-pult at (6, 1); that tile is now a crater.
A zombie ate the sunflower at (7, 5); that tile is now a crater.
A zombie ate the peashooter at (5, 1); that tile is now a crater.
A zombie ate the peashooter at (6, 5); that tile is now a crater.
A zombie ate the peashooter at (4, 1); that tile is now a crater.
A zombie ate the wall-nut at (5, 5); that tile is now a crater.
A zombie ate the puff-shroom at (9, 4); that tile is now a crater.
A zombie ate the sunflower at (4, 5); that tile is now a crater.
A zombie ate the cabbage-pult at (3, 1); that tile is now a crater.
A zombie ate the cabbage-pult at (3, 5); that tile is now a crater.
A zombie ate the sunflower at (8, 4); that tile is now a crater.
A zombie ate the sunflower at (2, 5); that tile is now a crater.
A zombie ate the wall-nut at (2, 1); that tile is now a crater.
A zombie ate the sunflower at (7, 4); that tile is now a crater.
A zombie ate the sunflower at (1, 5); that tile is now a crater.
The zombie ate your brain; LOSER!!!
A zombie ate the wall-nut at (9, 1); that tile is now a crater.
A zombie ate the sunflower at (8, 1); that tile is now a crater.
A zombie ate the sunflower at (9, 2); that tile is now a crater.
A zombie ate the sunflower at (7, 1); that tile is now a crater.
A zombie ate the cabbage-pult at (8, 2); that tile is now a crater.
A zombie ate the peashooter at (6, 1); that tile is now a crater.
A zombie ate the puff-shroom at (7, 2); that tile is now a crater.
A zombie ate the puff-shroom at (5, 1); that tile is now a crater.
A zombie ate the sunflower at (6, 2); that tile is now a crater.
A zombie ate the peashooter at (4, 1); that tile is now a crater.
A zombie ate the cabbage-pult at (5, 2); that tile is now a crater.
A zombie ate the puff-shroom at (4, 2); that tile is now a crater.
A zombie ate the cabbage-pult at (3, 1); that tile is now a crater.
A zombie ate the puff-shroom at (3, 2); that tile is now a crater.
A zombie ate the peashooter at (2, 2); that tile is now a crater.
A zombie ate the wall-nut at (2, 1); that tile is now a crater.
A zombie ate the wall-nut at (1, 1); that tile is now a crater.
A zombie ate the peashooter at (9, 3); that tile is now a crater.
The zombie ate your brain; LOSER!!!
A zombie ate the cabbage-pult at (9, 2); that tile is now a crater.
A zombie ate the wall-nut at (8, 2); that tile is now a crater.
A zombie ate the peashooter at (9, 5); that tile is now a crater.
A zombie ate the peashooter at (7, 2); that tile is now a crater.
A zombie ate the wall-nut at (8, 5); that tile is now a crater.
A zombie ate the wall-nut at (6, 2); that tile is now a crater.
A zombie ate the peashooter at (9, 4); that tile is now a crater.
A zombie ate the sunflower at (7, 5); that tile is now a crater.
A zombie ate the sunflower at (5, 2); that tile is now a crater.
A zombie ate the wall-nut at (8, 4); that tile is now a crater.
A zombie ate the puff-shroom at (6, 5); that tile is now a crater.
A zombie ate the wall-nut at (4, 2); that tile is now a crater.
A zombie ate the puff-shroom at (7, 4); that tile is now a crater.
A zombie ate the wall-nut at (5, 5); that tile is now a crater.
A zombie ate the wall-nut at (3, 2); that tile is now a crater.
A zombie ate the wall-nut at (6, 4); that tile is now a crater.
A zombie ate the puff-shroom at (4, 5); that tile is now a crater.
A zombie ate the peashooter at (5, 4); that tile is now a crater.
A zombie ate the sunflower at (2, 2); that tile is now a crater.
A zombie ate the peashooter at (4, 4); that tile is now a crater.
A zombie ate the puff-shroom at (9, 1); that tile is now a crater.
A zombie ate the cabbage-pult at (3, 5); that tile is now a crater.
A zombie ate the cabbage-pult at (1, 2); that tile is now a crater.
A zombie ate the sunflower at (3, 4); that tile is now a crater.
The zombie ate your brain; LOSER!!!
A zombie ate the puff-shroom at (9, 1); that tile is now a crater.
A zombie ate the puff-shroom at (8, 1); that tile is now a crater.
A zombie ate the cabbage-pult at (9, 2); that tile is now a crater.
A zombie ate the cabbage-pult at (7, 1); that tile is now a crater.
A zombie ate the puff-shroom at (8, 2); that tile is now a crater.
A zombie ate the cabbage-pult at (6, 1); that tile is now a crater.
A zombie ate the peashooter at (9, 5); that tile is now a crater.
A zombie ate the wall-nut at (7, 2); that tile is now a crater.
A zombie ate the puff-shroom at (5, 1); that tile is now a crater.
A zombie ate the peashooter at (8, 5); that tile is now a crater.
A zombie ate the peashooter at (6, 2); that tile is now a crater.
A zombie ate the peashooter at (4, 1); that tile is now a crater.
A zombie ate the puff-shroom at (7, 5); that tile is now a crater.
A zombie ate the puff-shroom at (5, 2); that tile is now a crater.
A zombie ate the wall-nut at (3, 1); that tile is now a crater.
A zombie ate the peashooter at (6, 5); that tile is now a crater.
A zombie ate the peashooter at (4, 2); that tile is now a crater.
A zombie ate the peashooter at (5, 5); that tile is now a crater.
A zombie ate the wall-nut at (2, 1); that tile is now a crater.
A zombie ate the wall-nut at (4, 5); that tile is now a crater.
A zombie ate the puff-shroom at (3, 2); that tile is now a crater.
A zombie ate the sunflower at (1, 1); that tile is now a crater.
A zombie ate the puff-shroom at (3, 5); that tile is now a crater.
The zombie ate your brain; LOSER!!!
A zombie ate the cabbage-pult at (9, 5); that tile is now a crater.
A zombie ate the puff-shroom at (8, 5); that tile is now a crater.
A zombie ate the peashooter at (7, 5); that tile is now a crater.
A zombie ate the sunflower at (6, 5); that tile is now a crater.
A zombie ate the puff-shroom at (5, 5); that tile is now a crater.
A zombie ate the peashooter at (9, 3); that tile is now a crater.
A zombie ate the peashooter at (4, 5); that tile is now a crater.
A zombie ate the sunflower at (3, 5); that tile is now a crater.
A zombie ate the sunflower at (8, 3); that tile is now a crater.
A zombie ate the puff-shroom at (2, 5); that tile is now a crater.
A zombie ate the peashooter at (7, 3); that tile is now a crater.
A zombie ate the wall-nut at (1, 5); that tile is now a crater.
The zombie ate your brain; LOSER!!!
A zombie ate the sunflower at (9, 2); that tile is now a crater.
A zombie ate the cabbage-pult at (8, 2); that tile is now a crater.
A zombie ate the wall-nut at (9, 4); that tile is now a crater.
A zombie ate the puff-shroom at (7, 2); that tile is now a crater.
A zombie ate the peashooter at (8, 4); that tile is now a crater.
A zombie ate the sunflower at (6, 2); that tile is now a crater.
A zombie ate the sunflower at (7, 4); that tile is now a crater.
A zombie ate the sunflower at (5, 2); that tile is now a crater.
A zombie ate the wall-nut at (6, 4); that tile is now a crater.
A zombie ate the wall-nut at (4, 2); that tile is now a crater.
A zombie ate the sunflower at (5, 4); that tile is now a crater.
A zombie ate the sunflower at (4, 4); that tile is now a crater.
A zombie ate the peashooter at (3, 2); that tile is now a crater.
A zombie ate the peashooter at (3, 4); that tile is now a crater.
A zombie ate the puff-shroom at (2, 4); that tile is now a crater.
A zombie ate the cabbage-pult at (2, 2); that tile is now a crater.
A zombie ate the cabbage-pult at (1, 4); that tile is now a crater.
A zombie ate the puff-shroom at (9, 5); that tile is now a crater.
The zombie ate your brain; LOSER!!!
A zombie ate the peashooter at (9, 5); that tile is now a crater.
A zombie ate the cabbage-pult at (8, 5); that tile is now a crater.
A zombie ate the cabbage-pult at (9, 4); that tile is now a crater.
A zombie ate the wall-nut at (7, 5); that tile is now a crater.
A zombie ate the wall-nut at (8, 4); that tile is now a crater.
A zombie ate the wall-nut at (6, 5); that tile is now a crater.
A zombie ate the sunflower at (7, 4); that tile is now a crater.
A zombie ate the peashooter at (5, 5); that tile is now a crater.
A zombie ate the sunflower at (6, 4); that tile is now a crater.
A zombie ate the cabbage-pult at (4, 5); that tile is now a crater.
A zombie ate the cabbage-pult at (5, 4); that tile is now a crater.
A zombie ate the wall-nut at (9, 3); that tile is now a crater.
A zombie ate the sunflower at (4, 4); that tile is now a crater.
A zombie ate the cabbage-pult at (3, 5); that tile is now a crater.
A zombie ate the puff-shroom at (3, 4); that tile is now a crater.
A zombie ate the wall-nut at (8, 3); that tile is now a crater.
A zombie ate the sunflower at (2, 4); that tile is now a crater.
A zombie ate the wall-nut at (2, 5); that tile is now a crater.
A zombie ate the peashooter at (7, 3); that tile is now a crater.
A zombie ate the peashooter at (9, 1); that tile is now a crater.
A zombie ate the peashooter at (1, 4); that tile is now a crater.
The zombie ate your brain; LOSER!!!
A zombie ate the peashooter at (9, 2); that tile is now a crater.
A zombie ate the cabbage-pult at (8, 2); that tile is now a crater.
A zombie ate the wall-nut at (7, 2); that tile is now a crater.
A zombie ate the puff-shroom at (6, 2); that tile is now a crater.
A zombie ate the peashooter at (5, 2); that tile is now a crater.
A zombie ate the sunflower at (4, 2); that tile is now a crater.
A zombie ate the cabbage-pult at (3, 2); that tile is now a crater.
A zombie ate the sunflower at (2, 2); that tile is now a crater.
A zombie ate the cabbage-pult at (9, 4); that tile is now a crater.
A zombie ate the sunflower at (1, 2); that tile is now a crater.
The zombie ate your brain; LOSER!!!
A zombie ate the sunflower at (9, 4); that tile is now a crater.
A zombie ate the wall-nut at (8, 4); that tile is now a crater.
A zombie ate the puff-shroom at (7, 4); that tile is now a crater.
A zombie ate the peashooter at (6, 4); that tile is now a crater.
A zombie ate the sunflower at (5, 4); that tile is now a crater.
A zombie ate the peashooter at (9, 5); that tile is now a crater.
A zombie ate the puff-shroom at (4, 4); that tile is now a crater.
A zombie ate the peashooter at (3, 4); that tile is now a crater.
A zombie ate the peashooter at (8, 5); that tile is now a crater.
A zombie ate the puff-shroom at (2, 4); that tile is now a crater.
A zombie ate the sunflower at (7, 5); that tile is now a crater.
A zombie ate the wall-nut at (1, 4); that tile is now a crater.
The zombie ate your brain; LOSER!!!
A zombie ate the wall-nut at (9, 3); that tile is now a crater.
A zombie ate the sunflower at (8, 3); that tile is now a crater.
A zombie ate the cabbage-pult at (7, 3); that tile is now a crater.
A zombie ate the cabbage-pult at (6, 3); that tile is now a crater.
A zombie ate the puff-shroom at (5, 3); that tile is now a crater.
A zombie ate the peashooter at (9, 2); that tile is now a crater.
A zombie ate the sunflower at (4, 3); that tile is now a crater.
A zombie ate the peashooter at (3, 3); that tile is now a crater.
A zombie ate the puff-shroom at (8, 2); that tile is now a crater.
A zombie ate the cabbage-pult at (2, 3); that tile is now a crater.
A zombie ate the peashooter at (7, 2); that tile is now a crater.
A zombie ate the sunflower at (1, 3); that tile is now a crater.
The zombie ate your brain; LOSER!!!
A zombie ate the peashooter at (9, 5); that tile is now a crater.
A zombie ate the sunflower at (8, 5); that tile is now a crater.
A zombie ate the cabbage-pult at (7, 5); that tile is now a crater.
A zombie ate the sunflower at (6, 5); that tile is now a crater.
A zombie ate the sunflower at (5, 5); that tile is now a crater.
A zombie ate the sunflower at (9, 1); that tile is now a crater.
A zombie ate the puff-shroom at (4, 5); that tile is now a crater.
A zombie ate the sunflower at (3, 5); that tile is now a crater.
A zombie ate the puff-shroom at (8, 1); that tile is now a crater.
A zombie ate the cabbage-pult at (2, 5); that tile is now a crater.
A zombie ate the cabbage-pult at (9, 4); that tile is now a crater.
A zombie ate the cabbage-pult at (7, 1); that tile is now a crater.
A zombie ate the puff-shroom at (1, 5); that tile is now a crater.
The zombie ate your brain; LOSER!!!
A zombie ate the peashooter at (9, 1); that tile is now a crater.
A zombie ate the puff-shroom at (8, 1); that tile is now a crater.
A zombie ate the cabbage-pult at (9, 4); that tile is now a crater.
A zombie ate the peashooter at (7, 1); that tile is now a crater.
A zombie ate the sunflower at (8, 4); that tile is now a crater.
A zombie ate the cabbage-pult at (6, 1); that tile is now a crater.
A zombie ate the sunflower at (7, 4); that tile is now a crater.
A zombie ate the puff-shroom at (5, 1); that tile is now a crater.
A zombie ate the peashooter at (6, 4); that tile is now a crater.
A zombie ate the wall-nut at (4, 1); that tile is now a crater.
A zombie ate the sunflower at (5, 4); that tile is now a crater.
A zombie ate the wall-nut at (9, 3); that tile is now a crater.
A zombie ate the cabbage-pult at (4, 4); that tile is now a crater.
A zombie ate the peashooter at (3, 1); that tile is now a crater.
A zombie ate the sunflower at (3, 4); that tile is now a crater.
A zombie ate the peashooter at (8, 3); that tile is now a crater.
A zombie ate the wall-nut at (2, 4); that tile is now a crater.
A zombie ate the puff-shroom at (2, 1); that tile is now a crater.
A zombie ate the wall-nut at (7, 3); that tile is now a crater.
A zombie ate the puff-shroom at (9, 2); that tile is now a crater.
A zombie ate the sunflower at (1, 4); that tile is now a crater.
The zombie ate your brain; LOSER!!!
A zombie ate the peashooter at (9, 1); that tile is now a crater.
A zombie ate the sunflower at (8, 1); that tile is now a crater.
A zombie ate the cabbage-pult at (9, 2); that tile is now a crater.
A zombie ate the cabbage-pult at (7, 1); that tile is now a crater.
A zombie ate the cabbage-pult at (8, 2); that tile is now a crater.
A zombie ate the peashooter at (6, 1); that tile is now a crater.
A zombie ate the peashooter at (9, 3); that tile is now a crater.
A zombie ate the wall-nut at (7, 2); that tile is now a crater.
A zombie ate the cabbage-pult at (5, 1); that tile is now a crater.
A zombie ate the wall-nut at (8, 3); that tile is now a crater.
A zombie ate the sunflower at (6, 2); that tile is now a crater.
A zombie ate the cabbage-pult at (4, 1); that tile is now a crater.
A zombie ate the sunflower at (7, 3); that tile is now a crater.
A zombie ate the sunflower at (5, 2); that tile is now a crater.
A zombie ate the sunflower at (3, 1); that tile is now a crater.
A zombie ate the wall-nut at (6, 3); that tile is now a crater.
A zombie ate the cabbage-pult at (4, 2); that tile is now a crater.
A zombie ate the peashooter at (2, 1); that tile is now a crater.
A zombie ate the cabbage-pult at (3, 2); that tile is now a crater.
A zombie ate the puff-shroom at (9, 4); that tile is now a crater.
A zombie ate the puff-shroom at (5, 3); that tile is now a crater.
A zombie ate the sunflower at (2, 2); that tile is now a crater.
A zombie ate the cabbage-pult at (1, 1); that tile is now a crater.
The zombie ate your brain; LOSER!!!
A zombie ate the peashooter at (9, 1); that tile is now a crater.
A zombie ate the puff-shroom at (8, 1); that tile is now a crater.
A zombie ate the puff-shroom at (9, 2); that tile is now a crater.
A zombie ate the peashooter at (7, 1); that tile is now a crater.
A zombie ate the cabbage-pult at (8, 2); that tile is now a crater.
A zombie ate the cabbage-pult at (6, 1); that tile is now a crater.
A zombie ate the wall-nut at (9, 4); that tile is now a crater.
A zombie ate the wall-nut at (7, 2); that tile is now a crater.
A zombie ate the puff-shroom at (5, 1); that tile is now a crater.
A zombie ate the puff-shroom at (8, 4); that tile is now a crater.
A zombie ate the cabbage-pult at (6, 2); that tile is now a crater.
A zombie ate the wall-nut at (4, 1); that tile is now a crater.
A zombie ate the sunflower at (9, 5); that tile is now a crater.
A zombie ate the peashooter at (7, 4); that tile is now a crater.
A zombie ate the sunflower at (5, 2); that tile is now a crater.
A zombie ate the sunflower at (3, 1); that tile is now a crater.
A zombie ate the peashooter at (8, 5); that tile is now a crater.
A zombie ate the wall-nut at (6, 4); that tile is now a crater.
A zombie ate the peashooter at (4, 2); that tile is now a crater.
A zombie ate the cabbage-pult at (2, 1); that tile is now a crater.
A zombie ate the wall-nut at (7, 5); that tile is now a crater.
A zombie ate the peashooter at (5, 4); that tile is now a crater.
A zombie ate the cabbage-pult at (3, 2); that tile is now a crater.
A zombie ate the peashooter at (1, 1); that tile is now a crater.
The zombie ate your brain; LOSER!!!
A zombie ate the puff-shroom at (9, 1); that tile is now a crater.
A zombie ate the peashooter at (8, 1); that tile is now a crater.
A zombie ate the sunflower at (9, 5); that tile is now a crater.
A zombie ate the wall-nut at (7, 1); that tile is now a crater.
A zombie ate the puff-shroom at (8, 5); that tile is now a crater.
A zombie ate the peashooter at (6, 1); that tile is now a crater.
A zombie ate the sunflower at (7, 5); that tile is now a crater.
A zombie ate the cabbage-pult at (5, 1); that tile is now a crater.
A zombie ate the wall-nut at (6, 5); that tile is now a crater.
A zombie ate the sunflower at (4, 1); that tile is now a crater.
A zombie ate the cabbage-pult at (5, 5); that tile is now a crater.
A zombie ate the sunflower at (4, 5); that tile is now a crater.
A zombie ate the cabbage-pult at (3, 1); that tile is now a crater.
A zombie ate the wall-nut at (3, 5); that tile is now a crater.
A zombie ate the cabbage-pult at (2, 5); that tile is now a crater.
A zombie ate the sunflower at (2, 1); that tile is now a crater.
A zombie ate the cabbage-pult at (1, 5); that tile is now a crater.
A zombie ate the cabbage-pult at (9, 3); that tile is now a crater.
The zombie ate your brain; LOSER!!!
A zombie ate the wall-nut at (9, 5); that tile is now a crater.
A zombie ate the puff-shroom at (8, 5); that tile is now a crater.
A zombie ate the puff-shroom at (9, 4); that tile is now a crater.
A zombie ate the sunflower at (7, 5); that tile is now a crater.
A zombie ate the peashooter at (8, 4); that tile is now a crater.
A zombie ate the puff-shroom at (6, 5); that tile is now a crater.
A zombie ate the sunflower at (9, 3); that tile is now a crater.
A zombie ate the sunflower at (7, 4); that tile is now a crater.
A zombie ate the wall-nut at (5, 5); that tile is now a crater.
A zombie ate the peashooter at (8, 3); that tile is now a crater.
A zombie ate the puff-shroom at (6, 4); that tile is now a crater.
A zombie ate the cabbage-pult at (4, 5); that tile is now a crater.
A zombie ate the puff-shroom at (7, 3); that tile is now a crater.
A zombie ate the sunflower at (5, 4); that tile is now a crater.
A zombie ate the peashooter at (3, 5); that tile is now a crater.
A zombie ate the peashooter at (6, 3); that tile is now a crater.
A zombie ate the peashooter at (4, 4); that tile is now a crater.
A zombie ate the cabbage-pult at (2, 5); that tile is now a crater.
A zombie ate the cabbage-pult at (1, 5); that tile is now a crater.
The zombie ate your brain; LOSER!!!
A zombie ate the wall-nut at (9, 1); that tile is now a crater.
A zombie ate the wall-nut at (8, 1); that tile is now a crater.
A zombie ate the peashooter at (7, 1); that tile is now a crater.
A zombie ate the puff-shroom at (6, 1); that tile is now a crater.
A zombie ate the cabbage-pult at (5, 1); that tile is now a crater.
A zombie ate the wall-nut at (9, 5); that tile is now a crater.
A zombie ate the cabbage-pult at (4, 1); that tile is now a crater.
A zombie ate the puff-shroom at (3, 1); that tile is now a crater.
A zombie ate the peashooter at (8, 5); that tile is now a crater.
A zombie ate the peashooter at (2, 1); that tile is now a crater.
A zombie ate the puff-shroom at (9, 2); that tile is now a crater.
A zombie ate the puff-shroom at (7, 5); that tile is now a crater.
A zombie ate the sunflower at (1, 1); that tile is now a crater.
The zombie ate your brain; LOSER!!!
A zombie ate the wall-nut at (9, 4); that tile is now a crater.
A zombie ate the cabbage-pult at (8, 4); that tile is now a crater.
A zombie ate the puff-shroom at (9, 3); that tile is now a crater.
A zombie ate the puff-shroom at (7, 4); that tile is now a crater.
A zombie ate the peashooter at (8, 3); that tile is now a crater.
A zombie ate the puff-shroom at (6, 4); that tile is now a crater.
A zombie ate the cabbage-pult at (7, 3); that tile is now a crater.
A zombie ate the peashooter at (5, 4); that tile is now a crater.
A zombie ate the wall-nut at (6, 3); that tile is now a crater.
A zombie ate the cabbage-pult at (4, 4); that tile is now a crater.
A zombie ate the peashooter at (3, 4); that tile is now a crater.
A zombie ate the wall-nut at (5, 3); that tile is now a crater.
A zombie ate the sunflower at (2, 4); that tile is now a crater.
A zombie ate the cabbage-pult at (1, 4); that tile is now a crater.
The zombie ate your brain; LOSER!!!
A zombie ate the puff-shroom at (9, 4); that tile is now a crater.
A zombie ate the cabbage-pult at (8, 4); that tile is now a crater.
A zombie ate the cabbage-pult at (7, 4); that tile is now a crater.
A zombie ate the wall-nut at (6, 4); that tile is now a crater.
A zombie ate the peashooter at (5, 4); that tile is now a crater.
A zombie ate the sunflower at (4, 4); that tile is now a crater.
A zombie ate the peashooter at (3, 4); that tile is now a crater.
A zombie ate the cabbage-pult at (2, 4); that tile is now a crater.
A zombie ate the peashooter at (9, 1); that tile is now a crater.
A zombie ate the puff-shroom at (1, 4); that tile is now a crater.
The zombie ate your brain; LOSER!!!
A zombie ate the sunflower at (9, 3); that tile is now a crater.
A zombie ate the wall-nut at (8, 3); that tile is now a crater.
A zombie ate the peashooter at (9, 4); that tile is now a crater.
A zombie ate the puff-shroom at (7, 3); that tile is now a crater.
A zombie ate the sunflower at (8, 4); that tile is now a crater.
A zombie ate the sunflower at (6, 3); that tile is now a crater.
A zombie ate the wall-nut at (7, 4); that tile is now a crater.
A zombie ate the cabbage-pult at (5, 3); that tile is now a crater.
A zombie ate the wall-nut at (6, 4); that tile is now a crater.
A zombie ate the peashooter at (4, 3); that tile is now a crater.
A zombie ate the peashooter at (5, 4); that tile is now a crater.
A zombie ate the sunflower at (4, 4); that tile is now a crater.
A zombie ate the sunflower at (3, 3); that tile is now a crater.
A zombie ate the wall-nut at (3, 4); that tile is now a crater.
A zombie ate the peashooter at (2, 4); that tile is now a crater.
A zombie ate the sunflower at (2, 3); that tile is now a crater.
A zombie ate the puff-shroom at (1, 4); that tile is now a crater.
A zombie ate the peashooter at (9, 1); that tile is now a crater.
The zombie ate your brain; LOSER!!!
A zombie ate the cabbage-pult at (9, 2); that tile is now a crater.
A zombie ate the cabbage-pult at (8, 2); that tile is now a crater.
A zombie ate the sunflower at (7, 2); that tile is now a crater.
A zombie ate the cabbage-pult at (6, 2); that tile is now a crater.
A zombie ate the puff-shroom at (5, 2); that tile is now a crater.
A zombie ate the cabbage-pult at (4, 2); that tile is now a crater.
A zombie ate the cabbage-pult at (3, 2); that tile is now a crater.
A zombie ate the wall-nut at (2, 2); that tile is now a crater.
A zombie ate the peashooter at (9, 4); that tile is now a crater.
A zombie ate the wall-nut at (1, 2); that tile is now a crater.
The zombie ate your brain; LOSER!!!
A zombie ate the sunflower at (9, 1); that tile is now a crater.
A zombie ate the cabbage-pult at (8, 1); that tile is now a crater.
A zombie ate the puff-shroom at (9, 5); that tile is now a crater.
A zombie ate the wall-nut at (7, 1); that tile is now a crater.
A zombie ate the sunflower at (8, 5); that tile is now a crater.
A zombie ate the peashooter at (6, 1); that tile is now a crater.
A zombie ate the peashooter at (7, 5); that tile is now a crater.
A zombie ate the wall-nut at (5, 1); that tile is now a crater.
A zombie ate the puff-shroom at (6, 5); that tile is now a crater.
A zombie ate the cabbage-pult at (4, 1); that tile is now a crater.
A zombie ate the peashooter at (3, 1); that tile is now a crater.
A zombie ate the sunflower at (9, 4); that tile is now a crater.
A zombie ate the sunflower at (5, 5); that tile is now a crater.
A zombie ate the peashooter at (2, 1); that tile is now a crater.
A zombie ate the sunflower at (8, 4); that tile is now a crater.
A zombie ate the cabbage-pult at (1, 1); that tile is now a crater.
The zombie ate your brain; LOSER!!!
A zombie ate the wall-nut at (9, 2); that tile is now a crater.
A zombie ate the cabbage-pult at (8, 2); that tile is now a crater.
A zombie ate the sunflower at (9, 1); that tile is now a crater.
A zombie ate the wall-nut at (7, 2); that tile is now a crater.
A zombie ate the wall-nut at (8, 1); that tile is now a crater.
A zombie ate the peashooter at (6, 2); that tile is now a crater.
A zombie ate the peashooter at (9, 5); that tile is now a crater.
A zombie ate the puff-shroom at (7, 1); that tile is now a crater.
A zombie ate the sunflower at (5, 2); that tile is now a crater.
A zombie ate the sunflower at (8, 5); that tile is now a crater.
A zombie ate the wall-nut at (6, 1); that tile is now a crater.
A zombie ate the wall-nut at (4, 2); that tile is now a crater.
A zombie ate the peashooter at (7, 5); that tile is now a crater.
A zombie ate the cabbage-pult at (5, 1); that tile is now a crater.
A zombie ate the wall-nut at (3, 2); that tile is now a crater.
A zombie ate the wall-nut at (6, 5); that tile is now a crater.
A zombie ate the sunflower at (4, 1); that tile is now a crater.
A zombie ate the wall-nut at (5, 5); that tile is now a crater.
A zombie ate the peashooter at (2, 2); that tile is now a crater.
A zombie ate the sunflower at (4, 5); that tile is now a crater.
A zombie ate the sunflower at (9, 3); that tile is now a crater.
A zombie ate the wall-nut at (3, 1); that tile is now a crater.
A zombie ate the puff-shroom at (1, 2); that tile is now a crater.
A zombie ate the puff-shroom at (3, 5); that tile is now a crater.
The zombie ate your brain; LOSER!!!
A zombie ate the peashooter at (9, 1); that tile is now a crater.
A zombie ate the peashooter at (8, 1); that tile is now a crater.
A zombie ate the wall-nut at (9, 2); that tile is now a crater.
A zombie ate the sunflower at (7, 1); that tile is now a crater.
A zombie ate the cabbage-pult at (8, 2); that tile is now a crater.
A zombie ate the sunflower at (6, 1); that tile is now a crater.
A zombie ate the wall-nut at (7, 2); that tile is now a crater.
A zombie ate the peashooter at (5, 1); that tile is now a crater.
A zombie ate the sunflower at (6, 2); that tile is now a crater.
A zombie ate the cabbage-pult at (4, 1); that tile is now a crater.
A zombie ate the puff-shroom at (3, 1); that tile is now a crater.
A zombie ate the wall-nut at (9, 5); that tile is now a crater.
A zombie ate the wall-nut at (5, 2); that tile is now a crater.
A zombie ate the peashooter at (2, 1); that tile is now a crater.
A zombie ate the sunflower at (8, 5); that tile is now a crater.
A zombie ate the wall-nut at (1, 1); that tile is now a crater.
The zombie ate your brain; LOSER!!!
A zombie ate the wall-nut at (9, 3); that tile is now a crater.
A zombie ate the puff-shroom at (8, 3); that tile is now a crater.
A zombie ate the sunflower at (9, 2); that tile is now a crater.
A zombie ate the peashooter at (7, 3); that tile is now a crater.
A zombie ate the wall-nut at (8, 2); that tile is now a crater.
A zombie ate the sunflower at (6, 3); that tile is now a crater.
A zombie ate the sunflower at (7, 2); that tile is now a crater.
A zombie ate the peashooter at (5, 3); that tile is now a crater.
A zombie ate the wall-nut at (6, 2); that tile is now a crater.
A zombie ate the puff-shroom at (4, 3); that tile is now a crater.
A zombie ate the cabbage-pult at (5, 2); that tile is now a crater.
A zombie ate the peashooter at (4, 2); that tile is now a crater.
A zombie ate the puff-shroom at (3, 3); that tile is now a crater.
A zombie ate the peashooter at (3, 2); that tile is now a crater.
A zombie ate the wall-nut at (2, 2); that tile is now a crater.
A zombie ate the peashooter at (2, 3); that tile is now a crater.
A zombie ate the sunflower at (1, 2); that tile is now a crater.
A zombie ate the peashooter at (9, 1); that tile is now a crater.
The zombie ate your brain; LOSER!!!
A zombie ate the cabbage-pult at (9, 5); that tile is now a crater.
A zombie ate the peashooter at (8, 5); that tile is now a crater.
A zombie ate the sunflower at (9, 3); that tile is now a crater.
A zombie ate the sunflower at (7, 5); that tile is now a crater.
A zombie ate the sunflower at (8, 3); that tile is now a crater.
A zombie ate the peashooter at (6, 5); that tile is now a crater.
A zombie ate the peashooter at (9, 2); that tile is now a crater.
A zombie ate the cabbage-pult at (7, 3); that tile is now a crater.
A zombie ate the puff-shroom at (5, 5); that tile is now a crater.
A zombie ate the cabbage-pult at (8, 2); that tile is now a crater.
A zombie ate the puff-shroom at (6, 3); that tile is now a crater.
A zombie ate the sunflower at (4, 5); that tile is now a crater.
A zombie ate the sunflower at (7, 2); that tile is now a crater.
A zombie ate the peashooter at (5, 3); that tile is now a crater.
A zombie ate the sunflower at (3, 5); that tile is now a crater.
A zombie ate the cabbage-pult at (6, 2); that tile is now a crater.
A zombie ate the cabbage-pult at (4, 3); that tile is now a crater.
A zombie ate the cabbage-pult at (2, 5); that tile is now a crater.
A zombie ate the peashooter at (3, 3); that tile is now a crater.
A zombie ate the cabbage-pult at (5, 2); that tile is now a crater.
No moves left! The lawn reshuffles itself.
A zombie ate the wall-nut at (2, 3); that tile is now a crater.
A zombie ate the puff-shroom at (1, 5); that tile is now a crater.
The zombie ate your brain; LOSER!!!
A zombie ate the puff-shroom at (9, 5); that tile is now a crater.
A zombie ate the sunflower at (8, 5); that tile is now a crater.
A zombie ate the sunflower at (7, 5); that tile is now a crater.
A zombie ate the peashooter at (6, 5); that tile is now a crater.
A zombie ate the peashooter at (5, 5); that tile is now a crater.
A zombie ate the wall-nut at (9, 4); that tile is now a crater.
A zombie ate the puff-shroom at (4, 5); that tile is now a crater.
A zombie ate the cabbage-pult at (3, 5); that tile is now a crater.
A zombie ate the cabbage-pult at (8, 4); that tile is now a crater.
A zombie ate the puff-shroom at (2, 5); that tile is now a crater.
A zombie ate the sunflower at (7, 4); that tile is now a crater.
A zombie ate the puff-shroom at (1, 5); that tile is now a crater.
The zombie ate your brain; LOSER!!!
A zombie ate the puff-shroom at (9, 4); that tile is now a crater.
A zombie ate the puff-shroom at (8, 4); that tile is now a crater.
A zombie ate the peashooter at (9, 2); that tile is now a crater.
A zombie ate the sunflower at (7, 4); that tile is now a crater.
A zombie ate the puff-shroom at (8, 2); that tile is now a crater.
A zombie ate the sunflower at (6, 4); that tile is now a crater.
A zombie ate the sunflower at (9, 5); that tile is now a crater.
A zombie ate the wall-nut at (7, 2); that tile is now a crater.
A zombie ate the peashooter at (5, 4); that tile is now a crater.
A zombie ate the wall-nut at (8, 5); that tile is now a crater.
A zombie ate the cabbage-pult at (6, 2); that tile is now a crater.
A zombie ate the sunflower at (4, 4); that tile is now a crater.
A zombie ate the puff-shroom at (7, 5); that tile is now a crater.
A zombie ate the sunflower at (5, 2); that tile is now a crater.
A zombie ate the peashooter at (3, 4); that tile is now a crater.
A zombie ate the peashooter at (6, 5); that tile is now a crater.
A zombie ate the wall-nut at (4, 2); that tile is now a crater.
A zombie ate the cabbage-pult at (5, 5); that tile is now a crater.
A zombie ate the cabbage-pult at (2, 4); that tile is now a crater.
A zombie ate the peashooter at (4, 5); that tile is now a crater.
A zombie ate the sunflower at (9, 3); that tile is now a crater.
A zombie ate the wall-nut at (3, 2); that tile is now a crater.
A zombie ate the wall-nut at (1, 4); that tile is now a crater.
A zombie ate the puff-shroom at (3, 5); that tile is now a crater.
The zombie ate your brain; LOSER!!!
A zombie ate the sunflower at (9, 3); that tile is now a crater.
A zombie ate the peashooter at (8, 3); that tile is now a crater.
A zombie ate the wall-nut at (9, 2); that tile is now a crater.
A zombie ate the puff-shroom at (7, 3); that tile is now a crater.
A zombie ate the puff-shroom at (8, 2); that tile is now a crater.
A zombie ate the peashooter at (6, 3); that tile is now a crater.
A zombie ate the peashooter at (9, 4); that tile is now a crater.
A zombie ate the wall-nut at (7, 2); that tile is now a crater.
A zombie ate the puff-shroom at (5, 3); that tile is now a crater.
A zombie ate the cabbage-pult at (8, 4); that tile is now a crater.
A zombie ate the cabbage-pult at (6, 2); that tile is now a crater.
A zombie ate the cabbage-pult at (4, 3); that tile is now a crater.
A zombie ate the sunflower at (9, 1); that tile is now a crater.
A zombie ate the peashooter at (7, 4); that tile is now a crater.
A zombie ate the sunflower at (5, 2); that tile is now a crater.
A zombie ate the puff-shroom at (3, 3); that tile is now a crater.
A zombie ate the cabbage-pult at (8, 1); that tile is now a crater.
A zombie ate the peashooter at (6, 4); that tile is now a crater.
A zombie ate the puff-shroom at (4, 2); that tile is now a crater.
A zombie ate the puff-shroom at (2, 3); that tile is now a crater.
A zombie ate the peashooter at (7, 1); that tile is now a crater.
A zombie ate the puff-shroom at (9, 5); that tile is now a crater.
A zombie ate the sunflower at (5, 4); that tile is now a crater.
A zombie ate the cabbage-pult at (3, 2); that tile is now a crater.
A zombie ate the sunflower at (1, 3); that tile is now a crater.
The zombie ate your brain; LOSER!!!
A zombie ate the peashooter at (9, 3); that tile is now a crater.
A zombie ate the sunflower at (8, 3); that tile is now a crater.
A zombie ate the peashooter at (7, 3); that tile is now a crater.
A zombie ate the cabbage-pult at (6, 3); that tile is now a crater.
A zombie ate the puff-shroom at (5, 3); that tile is now a crater.
A zombie ate the sunflower at (4, 3); that tile is now a crater.
A zombie ate the cabbage-pult at (3, 3); that tile is now a crater.
A zombie ate the cabbage-pult at (2, 3); that tile is now a crater.
A zombie ate the wall-nut at (9, 1); that tile is now a crater.
A zombie ate the sunflower at (1, 3); that tile is now a crater.
The zombie ate your brain; LOSER!!!
A zombie ate the puff-shroom at (9, 2); that tile is now a crater.
A zombie ate the cabbage-pult at (8, 2); that tile is now a crater.
A zombie ate the sunflower at (9, 1); that tile is now a crater.
A zombie ate the wall-nut at (7, 2); that tile is now a crater.
A zombie ate the puff-shroom at (8, 1); that tile is now a crater.
A zombie ate the puff-shroom at (6, 2); that tile is now a crater.
A zombie ate the cabbage-pult at (7, 1); that tile is now a crater.
A zombie ate the cabbage-pult at (5, 2); that tile is now a crater.
A zombie ate the sunflower at (6, 1); that tile is now a crater.
A zombie ate the wall-nut at (4, 2); that tile is now a crater.
A zombie ate the sunflower at (3, 2); that tile is now a crater.
A zombie ate the puff-shroom at (5, 1); that tile is now a crater.
A zombie ate the peashooter at (2, 2); that tile is now a crater.
A zombie ate the puff-shroom at (1, 2); that tile is now a crater.
The zombie ate your brain; LOSER!!!
A zombie ate the cabbage-pult at (9, 5); that tile is now a crater.
A zombie ate the wall-nut at (8, 5); that tile is now a crater.
A zombie ate the wall-nut at (9, 4); that tile is now a crater.
A zombie ate the sunflower at (7, 5); that tile is now a crater.
A zombie ate the peashooter at (8, 4); that tile is now a crater.
A zombie ate the peashooter at (6, 5); that tile is now a crater.
A zombie ate the wall-nut at (7, 4); that tile is now a crater.
A zombie ate the puff-shroom at (5, 5); that tile is now a crater.
A zombie ate the puff-shroom at (6, 4); that tile is now a crater.
A zombie ate the wall-nut at (4, 5); that tile is now a crater.
A zombie ate the wall-nut at (5, 4); that tile is now a crater.
A zombie ate the sunflower at (9, 1); that tile is now a crater.
A zombie ate the sunflower at (4, 4); that tile is now a crater.
A zombie ate the sunflower at (3, 5); that tile is now a crater.
A zombie ate the cabbage-pult at (3, 4); that tile is now a crater.
A zombie ate the peashooter at (8, 1); that tile is now a crater.
A zombie ate the cabbage-pult at (2, 4); that tile is now a crater.
A zombie ate the wall-nut at (2, 5); that tile is now a crater.
A zombie ate the cabbage-pult at (7, 1); that tile is now a crater.
A zombie ate the puff-shroom at (1, 4); that tile is now a crater.
The zombie ate your brain; LOSER!!!
A zombie ate the sunflower at (9, 1); that tile is now a crater.
A zombie ate the puff-shroom at (8, 1); that tile is now a crater.
A zombie ate the peashooter at (7, 1); that tile is now a crater.
A zombie ate the peashooter at (6, 1); that tile is now a crater.
A zombie ate the puff-shroom at (5, 1); that tile is now a crater.
A zombie ate the wall-nut at (9, 3); that tile is now a crater.
A zombie ate the peashooter at (4, 1); that tile is now a crater.
A zombie ate the wall-nut at (3, 1); that tile is now a crater.
A zombie ate the peashooter at (8, 3); that tile is now a crater.
A zombie ate the cabbage-pult at (2, 1); that tile is now a crater.
A zombie ate the cabbage-pult at (9, 5); that tile is now a crater.
A zombie ate the cabbage-pult at (7, 3); that tile is now a crater.
A zombie ate the sunflower at (1, 1); that tile is now a crater.
The zombie ate your brain; LOSER!!!
A zombie ate the peashooter at (9, 4); that tile is now a crater.
A zombie ate the cabbage-pult at (8, 4); that tile is now a crater.
A zombie ate the wall-nut at (9, 3); that tile is now a crater.
A zombie ate the wall-nut at (7, 4); that tile is now a crater.
A zombie ate the cabbage-pult at (8, 3); that tile is now a crater.
A zombie ate the puff-shroom at (6, 4); that tile is now a crater.
A zombie ate the wall-nut at (9, 5); that tile is now a crater.
A zombie ate the cabbage-pult at (7, 3); that tile is now a crater.
A zombie ate the puff-shroom at (5, 4); that tile is now a crater.
A zombie ate the peashooter at (8, 5); that tile is now a crater.
A zombie ate the sunflower at (6, 3); that tile is now a crater.
A zombie ate the wall-nut at (4, 4); that tile is now a crater.
A zombie ate the puff-shroom at (9, 2); that tile is now a crater.
A zombie ate the sunflower at (7, 5); that tile is now a crater.
A zombie ate the sunflower at (5, 3); that tile is now a crater.
A zombie ate the wall-nut at (3, 4); that tile is now a crater.
A zombie ate the peashooter at (8, 2); that tile is now a crater.
A zombie ate the cabbage-pult at (6, 5); that tile is now a crater.
A zombie ate the wall-nut at (4, 3); that tile is now a crater.
A zombie ate the sunflower at (2, 4); that tile is now a crater.
A zombie ate the peashooter at (7, 2); that tile is now a crater.
A zombie ate the puff-shroom at (5, 5); that tile is now a crater.
A zombie ate the sunflower at (3, 3); that tile is now a crater.
A zombie ate the cabbage-pult at (1, 4); that tile is now a crater.
The zombie ate your brain; LOSER!!!
A zombie ate the wall-nut at (9, 2); that tile is now a crater.
A zombie ate the cabbage-pult at (8, 2); that tile is now a crater.
A zombie ate the wall-nut at (9, 3); that tile is now a crater.
A zombie ate the sunflower at (7, 2); that tile is now a crater.
A zombie ate the puff-shroom at (8, 3); that tile is now a crater.
A zombie ate the peashooter at (6, 2); that tile is now a crater.
A zombie ate the puff-shroom at (9, 1); that tile is now a crater.
A zombie ate the wall-nut at (7, 3); that tile is now a crater.
A zombie ate the sunflower at (5, 2); that tile is now a crater.
A zombie ate the cabbage-pult at (8, 1); that tile is now a crater.
A zombie ate the puff-shroom at (6, 3); that tile is now a crater.
A zombie ate the sunflower at (4, 2); that tile is now a crater.
A zombie ate the cabbage-pult at (7, 1); that tile is now a crater.
A zombie ate the wall-nut at (5, 3); that tile is now a crater.
A zombie ate the cabbage-pult at (3, 2); that tile is now a crater.
A zombie ate the sunflower at (6, 1); that tile is now a crater.
A zombie ate the cabbage-pult at (4, 3); that tile is now a crater.
A zombie ate the peashooter at (5, 1); that tile is now a crater.
A zombie ate the cabbage-pult at (2, 2); that tile is now a crater.
A zombie ate the wall-nut at (4, 1); that tile is now a crater.
A zombie ate the puff-shroom at (3, 3); that tile is now a crater.
A zombie ate the peashooter at (1, 2); that tile is now a crater.
A zombie ate the puff-shroom at (3, 1); that tile is now a crater.
The zombie ate your brain; LOSER!!!
A zombie ate the wall-nut at (9, 1); that tile is now a crater.
A zombie ate the sunflower at (8, 1); that tile is now a crater.
A zombie ate the cabbage-pult at (7, 1); that tile is now a crater.
A zombie ate the sunflower at (6, 1); that tile is now a crater.
A zombie ate the peashooter at (5, 1); that tile is now a crater.
A zombie ate the sunflower at (9, 3); that tile is now a crater.
A zombie ate the cabbage-pult at (4, 1); that tile is now a crater.
A zombie ate the peashooter at (3, 1); that tile is now a crater.
A zombie ate the sunflower at (8, 3); that tile is now a crater.
A zombie ate the sunflower at (2, 1); that tile is now a crater.
A zombie ate the peashooter at (9, 4); that tile is now a crater.
A zombie ate the puff-shroom at (7, 3); that tile is now a crater.
A zombie ate the sunflower at (1, 1); that tile is now a crater.
The zombie ate your brain; LOSER!!!
A zombie ate the wall-nut at (9, 4); that tile is now a crater.
A zombie ate the peashooter at (8, 4); that tile is now a crater.
A zombie ate the peashooter at (9, 5); that tile is now a crater.
A zombie ate the cabbage-pult at (7, 4); that tile is now a crater.
A zombie ate the cabbage-pult at (8, 5); that tile is now a crater.
A zombie ate the puff-shroom at (6, 4); that tile is now a crater.
A zombie ate the sunflower at (9, 2); that tile is now a crater.
A zombie ate the wall-nut at (7, 5); that tile is now a crater.
A zombie ate the wall-nut at (5, 4); that tile is now a crater.
A zombie ate the wall-nut at (8, 2); that tile is now a crater.
A zombie ate the wall-nut at (6, 5); that tile is now a crater.
A zombie ate the sunflower at (4, 4); that tile is now a crater.
A zombie ate the sunflower at (7, 2); that tile is now a crater.
A zombie ate the sunflower at (5, 5); that tile is now a crater.
A zombie ate the cabbage-pult at (3, 4); that tile is now a crater.
A zombie ate the cabbage-pult at (6, 2); that tile is now a crater.
A zombie ate the peashooter at (4, 5); that tile is now a crater.
A zombie ate the cabbage-pult at (5, 2); that tile is now a crater.
A zombie ate the sunflower at (2, 4); that tile is now a crater.
A zombie ate the wall-nut at (4, 2); that tile is now a crater.
A zombie ate the peashooter at (3, 5); that tile is now a crater.
A zombie ate the peashooter at (1, 4); that tile is now a crater.
A zombie ate the sunflower at (3, 2); that tile is now a crater.
The zombie ate your brain; LOSER!!!
A zombie ate the puff-shroom at (9, 3); that tile is now a crater.
A zombie ate the wall-nut at (8, 3); that tile is now a crater.
A zombie ate the cabbage-pult at (7, 3); that tile is now a crater.
A zombie ate the cabbage-pult at (6, 3); that tile is now a crater.
A zombie ate the peashooter at (5, 3); that tile is now a crater.
A zombie ate the wall-nut at (9, 4); that tile is now a crater.
A zombie ate the wall-nut at (4, 3); that tile is now a crater.
A zombie ate the cabbage-pult at (3, 3); that tile is now a crater.
A zombie ate the peashooter at (8, 4); that tile is now a crater.
A zombie ate the puff-shroom at (2, 3); that tile is now a crater.
A zombie ate the cabbage-pult at (7, 4); that tile is now a crater.
A zombie ate the peashooter at (1, 3); that tile is now a crater.
The zombie ate your brain; LOSER!!!
A zombie ate the cabbage-pult at (9, 3); that tile is now a crater.
A zombie ate the puff-shroom at (8, 3); that tile is now a crater.
A zombie ate the sunflower at (9, 4); that tile is now a crater.
A zombie ate the sunflower at (7, 3); that tile is now a crater.
A zombie ate the wall-nut at (8, 4); that tile is now a crater.
A zombie ate the wall-nut at (6, 3); that tile is now a crater.
A zombie ate the peashooter at (7, 4); that tile is now a crater.
A zombie ate the sunflower at (5, 3); that tile is now a crater.
A zombie ate the sunflower at (6, 4); that tile is now a crater.
A zombie ate the cabbage-pult at (4, 3); that tile is now a crater.
A zombie ate the cabbage-pult at (3, 3); that tile is now a crater.
A zombie ate the wall-nut at (9, 5); that tile is now a crater.
A zombie ate the peashooter at (5, 4); that tile is now a crater.
A zombie ate the sunflower at (2, 3); that tile is now a crater.
A zombie ate the puff-shroom at (8, 5); that tile is now a crater.
A zombie ate the peashooter at (1, 3); that tile is now a crater.
The zombie ate your brain; LOSER!!!
A zombie ate the puff-shroom at (9, 2); that tile is now a crater.
A zombie ate the puff-shroom at (8, 2); that tile is now a crater.
A zombie ate the cabbage-pult at (7, 2); that tile is now a crater.
A zombie ate the cabbage-pult at (6, 2); that tile is now a crater.
A zombie ate the sunflower at (5, 2); that tile is now a crater.
A zombie ate the puff-shroom at (4, 2); that tile is now a crater.
A zombie ate the puff-shroom at (3, 2); that tile is now a crater.
A zombie ate the wall-nut at (2, 2); that tile is now a crater.
A zombie ate the sunflower at (9, 5); that tile is now a crater.
A zombie ate the peashooter at (1, 2); that tile is now a crater.
The zombie ate your brain; LOSER!!!
A zombie ate the cabbage-pult at (9, 3); that tile is now a crater.
A zombie ate the peashooter at (8, 3); that tile is now a crater.
A zombie ate the puff-shroom at (9, 2); that tile is now a crater.
A zombie ate the puff-shroom at (7, 3); that tile is now a crater.
A zombie ate the wall-nut at (8, 2); that tile is now a crater.
A zombie ate the peashooter at (6, 3); that tile is now a crater.
A zombie ate the peashooter at (7, 2); that tile is now a crater.
A zombie ate the wall-nut at (5, 3); that tile is now a crater.
A zombie ate the wall-nut at (6, 2); that tile is now a crater.
A zombie ate the cabbage-pult at (4, 3); that tile is now a crater.
A zombie ate the sunflower at (3, 3); that tile is now a crater.
A zombie ate the sunflower at (5, 2); that tile is now a crater.
A zombie ate the peashooter at (2, 3); that tile is now a crater.
A zombie ate the sunflower at (1, 3); that tile is now a crater.
The zombie ate your brain; LOSER!!!
A zombie ate the peashooter at (9, 1); that tile is now a crater.
A zombie ate the peashooter at (8, 1); that tile is now a crater.
A zombie ate the sunflower at (9, 3); that tile is now a crater.
A zombie ate the wall-nut at (7, 1); that tile is now a crater.
A zombie ate the cabbage-pult at (8, 3); that tile is now a crater.
A zombie ate the cabbage-pult at (6, 1); that tile is now a crater.
A zombie ate the puff-shroom at (7, 3); that tile is now a crater.
A zombie ate the peashooter at (5, 1); that tile is now a crater.
A zombie ate the peashooter at (6, 3); that tile is now a crater.
A zombie ate the puff-shroom at (4, 1); that tile is now a crater.
A zombie ate the puff-shroom at (5, 3); that tile is now a crater.
A zombie ate the puff-shroom at (9, 4); that tile is now a crater.
A zombie ate the sunflower at (4, 3); that tile is now a crater.
A zombie ate the wall-nut at (3, 1); that tile is now a crater.
A zombie ate the wall-nut at (3, 3); that tile is now a crater.
A zombie ate the peashooter at (8, 4); that tile is now a crater.
A zombie ate the puff-shroom at (2, 3); that tile is now a crater.
A zombie ate the puff-shroom at (2, 1); that tile is now a crater.
A zombie ate the peashooter at (7, 4); that tile is now a crater.
A zombie ate the puff-shroom at (1, 3); that tile is now a crater.
The zombie ate your brain; LOSER!!!
A zombie ate the puff-shroom at (9, 2); that tile is now a crater.
A zombie ate the wall-nut at (8, 2); that tile is now a crater.
A zombie ate the wall-nut at (9, 1); that tile is now a crater.
A zombie ate the cabbage-pult at (7, 2); that tile is now a crater.
A zombie ate the cabbage-pult at (8, 1); that tile is now a crater.
A zombie ate the peashooter at (6, 2); that tile is now a crater.
A zombie ate the wall-nut at (9, 4); that tile is now a crater.
A zombie ate the wall-nut at (7, 1); that tile is now a crater.
A zombie ate the cabbage-pult at (5, 2); that tile is now a crater.
A zombie ate the sunflower at (8, 4); that tile is now a crater.
A zombie ate the wall-nut at (6, 1); that tile is now a crater.
A zombie ate the sunflower at (4, 2); that tile is now a crater.
A zombie ate the peashooter at (9, 3); that tile is now a crater.
A zombie ate the cabbage-pult at (7, 4); that tile is now a crater.
A zombie ate the sunflower at (5, 1); that tile is now a crater.
A zombie ate the sunflower at (3, 2); that tile is now a crater.
A zombie ate the peashooter at (8, 3); that tile is now a crater.
A zombie ate the peashooter at (6, 4); that tile is now a crater.
A zombie ate the peashooter at (4, 1); that tile is now a crater.
A zombie ate the puff-shroom at (2, 2); that tile is now a crater.
A zombie ate the puff-shroom at (7, 3); that tile is now a crater.
A zombie ate the cabbage-pult at (5, 4); that tile is now a crater.
A zombie ate the wall-nut at (3, 1); that tile is now a crater.
A zombie ate the puff-shroom at (1, 2); that tile is now a crater.
The zombie ate your brain; LOSER!!!
A zombie ate the sunflower at (9, 5); that tile is now a crater.
A zombie ate the peashooter at (8, 5); that tile is now a crater.
A zombie ate the sunflower at (7, 5); that tile is now a crater.
A zombie ate the wall-nut at (6, 5); that tile is now a crater.
A zombie ate the wall-nut at (5, 5); that tile is now a crater.
A zombie ate the cabbage-pult at (9, 3); that tile is now a crater.
A zombie ate the sunflower at (4, 5); that tile is now a crater.
A zombie ate the wall-nut at (3, 5); that tile is now a crater.
A zombie ate the wall-nut at (8, 3); that tile is now a crater.
A zombie ate the wall-nut at (2, 5); that tile is now a crater.
A zombie ate the puff-shroom at (9, 2); that tile is now a crater.
A zombie ate the wall-nut at (7, 3); that tile is now a crater.
A zombie ate the peashooter at (1, 5); that tile is now a crater.
The zombie ate your brain; LOSER!!!
A zombie ate the wall-nut at (9, 5); that tile is now a crater.
A zombie ate the puff-shroom at (8, 5); that tile is now a crater.
A zombie ate the peashooter at (9, 4); that tile is now a crater.
A zombie ate the wall-nut at (7, 5); that tile is now a crater.
A zombie ate the cabbage-pult at (8, 4); that tile is now a crater.
A zombie ate the wall-nut at (6, 5); that tile is now a crater.
A zombie ate the wall-nut at (7, 4); that tile is now a crater.
A zombie ate the sunflower at (5, 5); that tile is now a crater.
A zombie ate the peashooter at (6, 4); that tile is now a crater.
A zombie ate the peashooter at (4, 5); that tile is now a crater.
A zombie ate the wall-nut at (5, 4); that tile is now a crater.
A zombie ate the sunflower at (4, 4); that tile is now a crater.
A zombie ate the cabbage-pult at (3, 5); that tile is now a crater.
A zombie ate the cabbage-pult at (3, 4); that tile is now a crater.
A zombie ate the cabbage-pult at (2, 4); that tile is now a crater.
A zombie ate the puff-shroom at (2, 5); that tile is now a crater.
A zombie ate the wall-nut at (1, 4); that tile is now a crater.
A zombie ate the puff-shroom at (9, 3); that tile is now a crater.
The zombie ate your brain; LOSER!!!
A zombie ate the cabbage-pult at (9, 3); that tile is now a crater.
A zombie ate the cabbage-pult at (8, 3); that tile is now a crater.
A zombie ate the puff-shroom at (9, 5); that tile is now a crater.
A zombie ate the puff-shroom at (7, 3); that tile is now a crater.
A zombie ate the peashooter at (8, 5); that tile is now a crater.
A zombie ate the puff-shroom at (6, 3); that tile is now a crater.
A zombie ate the puff-shroom at (9, 2); that tile is now a crater.
A zombie ate the puff-shroom at (7, 5); that tile is now a crater.
A zombie ate the cabbage-pult at (5, 3); that tile is now a crater.
A zombie ate the peashooter at (8, 2); that tile is now a crater.
A zombie ate the cabbage-pult at (6, 5); that tile is now a crater.
A zombie ate the peashooter at (4, 3); that tile is now a crater.
A zombie ate the sunflower at (9, 4); that tile is now a crater.
A zombie ate the peashooter at (7, 2); that tile is now a crater.
A zombie ate the cabbage-pult at (5, 5); that tile is now a crater.
A zombie ate the peashooter at (3, 3); that tile is now a crater.
A zombie ate the puff-shroom at (8, 4); that tile is now a crater.
A zombie ate the cabbage-pult at (6, 2); that tile is now a crater.
A zombie ate the sunflower at (4, 5); that tile is now a crater.
A zombie ate the cabbage-pult at (2, 3); that tile is now a crater.
A zombie ate the cabbage-pult at (7, 4); that tile is now a crater.
A zombie ate the peashooter at (5, 2); that tile is now a crater.
A zombie ate the sunflower at (3, 5); that tile is now a crater.
A zombie ate the puff-shroom at (1, 3); that tile is now a crater.
No moves left! The lawn reshuffles itself.
A zombie ate the peashooter at (6, 4); that tile is now a crater.
The zombie ate your brain; LOSER!!!
Match of 3 peashooter starting at (2, 1): +50 sun.
Cascade 1! The falling plants lined up 1 more match(es).
Match of 3 wall-nut starting at (3, 1): +100 sun.
Match of 3 sunflower starting at (3, 2): +50 sun.
Match of 3 cabbage-pult starting at (4, 1): +50 sun.
Match of 3 puff-shroom starting at (1, 1): +50 sun.
Match of 3 cabbage-pult starting at (1, 1): +50 sun.
Match of 3 sunflower starting at (1, 1): +50 sun.
Match of 3 wall-nut starting at (3, 1): +50 sun.
Match of 3 wall-nut starting at (4, 1): +50 sun.
You matched your way to victory; every zombie on the lawn vanished!
]]></system-out>
  <system-err><![CDATA[]]></system-err>
</testsuite>
