<?xml version="1.0" encoding="UTF-8"?>
<testsuite name="model.game.minigame.arcade.IZombieMatchTest" tests="8" skipped="0" failures="0" errors="0" timestamp="2026-08-31T06:57:54.550Z" hostname="MacBook-Pro-4.local" time="0.01">
  <properties/>
  <testcase name="theDefenderWinsBySurvivingTheFullTwoMinutes()" classname="model.game.minigame.arcade.IZombieMatchTest" time="0.001"/>
  <testcase name="theSnapshotCarriesTheWholeBoard()" classname="model.game.minigame.arcade.IZombieMatchTest" time="0.001"/>
  <testcase name="aFinishedMatchRefusesFurtherActions()" classname="model.game.minigame.arcade.IZombieMatchTest" time="0.001"/>
  <testcase name="aFinishedMatchDoesNotKeepTicking()" classname="model.game.minigame.arcade.IZombieMatchTest" time="0.001"/>
  <testcase name="theClockRunsOutOnExactlyTheDefinedTick()" classname="model.game.minigame.arcade.IZombieMatchTest" time="0.001"/>
  <testcase name="aRoleCannotMakeTheOtherSidesMove()" classname="model.game.minigame.arcade.IZombieMatchTest" time="0.0"/>
  <testcase name="theAttackerWinsBeforeTwoMinutesByEatingEveryBrain()" classname="model.game.minigame.arcade.IZombieMatchTest" time="0.004"/>
  <testcase name="anAppliedMoveIsReportedAsAccepted()" classname="model.game.minigame.arcade.IZombieMatchTest" time="0.0"/>
  <system-out><![CDATA[A sun-imp takes its place in lane 1.
A sun-imp takes its place in lane 2.
A sun-imp takes its place in lane 3.
A sun-imp takes its place in lane 4.
A sun-imp takes its place in lane 5.
zombie sun-imp produced a sun at (9, 1); you now have 175 sun.
zombie sun-imp produced a sun at (9, 2); you now have 200 sun.
zombie sun-imp produced a sun at (9, 3); you now have 225 sun.
zombie sun-imp produced a sun at (9, 4); you now have 250 sun.
zombie sun-imp produced a sun at (9, 5); you now have 275 sun.
zombie sun-imp produced a sun at (9, 1); you now have 300 sun.
zombie sun-imp produced a sun at (9, 2); you now have 325 sun.
zombie sun-imp produced a sun at (9, 3); you now have 350 sun.
zombie sun-imp produced a sun at (9, 4); you now have 375 sun.
zombie sun-imp produced a sun at (9, 5); you now have 400 sun.
zombie sun-imp produced a sun at (9, 1); you now have 425 sun.
zombie sun-imp produced a sun at (9, 2); you now have 450 sun.
zombie sun-imp produced a sun at (9, 3); you now have 475 sun.
zombie sun-imp produced a sun at (9, 4); you now have 500 sun.
zombie sun-imp produced a sun at (9, 5); you now have 525 sun.
zombie sun-imp produced a sun at (9, 1); you now have 550 sun.
zombie sun-imp produced a sun at (9, 2); you now have 575 sun.
zombie sun-imp produced a sun at (9, 3); you now have 600 sun.
zombie sun-imp produced a sun at (9, 4); you now have 625 sun.
zombie sun-imp produced a sun at (9, 5); you now have 650 sun.
zombie sun-imp produced a sun at (9, 1); you now have 675 sun.
zombie sun-imp produced a sun at (9, 2); you now have 700 sun.
zombie sun-imp produced a sun at (9, 3); you now have 725 sun.
zombie sun-imp produced a sun at (9, 4); you now have 750 sun.
zombie sun-imp produced a sun at (9, 5); you now have 775 sun.
zombie sun-imp produced a sun at (9, 1); you now have 800 sun.
zombie sun-imp produced a sun at (9, 2); you now have 825 sun.
zombie sun-imp produced a sun at (9, 3); you now have 850 sun.
zombie sun-imp produced a sun at (9, 4); you now have 875 sun.
zombie sun-imp produced a sun at (9, 5); you now have 900 sun.
zombie sun-imp produced a sun at (9, 1); you now have 925 sun.
zombie sun-imp produced a sun at (9, 2); you now have 950 sun.
zombie sun-imp produced a sun at (9, 3); you now have 975 sun.
zombie sun-imp produced a sun at (9, 4); you now have 1000 sun.
zombie sun-imp produced a sun at (9, 5); you now have 1025 sun.
zombie sun-imp produced a sun at (9, 1); you now have 1050 sun.
zombie sun-imp produced a sun at (9, 2); you now have 1075 sun.
zombie sun-imp produced a sun at (9, 3); you now have 1100 sun.
zombie sun-imp produced a sun at (9, 4); you now have 1125 sun.
zombie sun-imp produced a sun at (9, 5); you now have 1150 sun.
A sun-imp takes its place in lane 1.
A sun-imp takes its place in lane 2.
A sun-imp takes its place in lane 3.
A sun-imp takes its place in lane 4.
A sun-imp takes its place in lane 5.
A sun-imp takes its place in lane 1.
A sun-imp takes its place in lane 2.
A sun-imp takes its place in lane 3.
A sun-imp takes its place in lane 4.
A sun-imp takes its place in lane 5.
zombie sun-imp produced a sun at (9, 1); you now have 175 sun.
zombie sun-imp produced a sun at (9, 2); you now have 200 sun.
zombie sun-imp produced a sun at (9, 3); you now have 225 sun.
zombie sun-imp produced a sun at (9, 4); you now have 250 sun.
zombie sun-imp produced a sun at (9, 5); you now have 275 sun.
zombie sun-imp produced a sun at (9, 1); you now have 300 sun.
zombie sun-imp produced a sun at (9, 2); you now have 325 sun.
zombie sun-imp produced a sun at (9, 3); you now have 350 sun.
zombie sun-imp produced a sun at (9, 4); you now have 375 sun.
zombie sun-imp produced a sun at (9, 5); you now have 400 sun.
zombie sun-imp produced a sun at (9, 1); you now have 425 sun.
zombie sun-imp produced a sun at (9, 2); you now have 450 sun.
zombie sun-imp produced a sun at (9, 3); you now have 475 sun.
zombie sun-imp produced a sun at (9, 4); you now have 500 sun.
zombie sun-imp produced a sun at (9, 5); you now have 525 sun.
zombie sun-imp produced a sun at (9, 1); you now have 550 sun.
zombie sun-imp produced a sun at (9, 2); you now have 575 sun.
zombie sun-imp produced a sun at (9, 3); you now have 600 sun.
zombie sun-imp produced a sun at (9, 4); you now have 625 sun.
zombie sun-imp produced a sun at (9, 5); you now have 650 sun.
zombie sun-imp produced a sun at (9, 1); you now have 675 sun.
zombie sun-imp produced a sun at (9, 2); you now have 700 sun.
zombie sun-imp produced a sun at (9, 3); you now have 725 sun.
zombie sun-imp produced a sun at (9, 4); you now have 750 sun.
zombie sun-imp produced a sun at (9, 5); you now have 775 sun.
zombie sun-imp produced a sun at (9, 1); you now have 800 sun.
zombie sun-imp produced a sun at (9, 2); you now have 825 sun.
zombie sun-imp produced a sun at (9, 3); you now have 850 sun.
zombie sun-imp produced a sun at (9, 4); you now have 875 sun.
zombie sun-imp produced a sun at (9, 5); you now have 900 sun.
zombie sun-imp produced a sun at (9, 1); you now have 925 sun.
zombie sun-imp produced a sun at (9, 2); you now have 950 sun.
zombie sun-imp produced a sun at (9, 3); you now have 975 sun.
zombie sun-imp produced a sun at (9, 4); you now have 1000 sun.
zombie sun-imp produced a sun at (9, 5); you now have 1025 sun.
zombie sun-imp produced a sun at (9, 1); you now have 1050 sun.
zombie sun-imp produced a sun at (9, 2); you now have 1075 sun.
zombie sun-imp produced a sun at (9, 3); you now have 1100 sun.
zombie sun-imp produced a sun at (9, 4); you now have 1125 sun.
zombie sun-imp produced a sun at (9, 5); you now have 1150 sun.
A sun-imp takes its place in lane 1.
A sun-imp takes its place in lane 2.
A sun-imp takes its place in lane 3.
A sun-imp takes its place in lane 4.
A sun-imp takes its place in lane 5.
zombie sun-imp produced a sun at (9, 1); you now have 175 sun.
zombie sun-imp produced a sun at (9, 2); you now have 200 sun.
zombie sun-imp produced a sun at (9, 3); you now have 225 sun.
zombie sun-imp produced a sun at (9, 4); you now have 250 sun.
zombie sun-imp produced a sun at (9, 5); you now have 275 sun.
zombie sun-imp produced a sun at (9, 1); you now have 300 sun.
zombie sun-imp produced a sun at (9, 2); you now have 325 sun.
zombie sun-imp produced a sun at (9, 3); you now have 350 sun.
zombie sun-imp produced a sun at (9, 4); you now have 375 sun.
zombie sun-imp produced a sun at (9, 5); you now have 400 sun.
zombie sun-imp produced a sun at (9, 1); you now have 425 sun.
zombie sun-imp produced a sun at (9, 2); you now have 450 sun.
zombie sun-imp produced a sun at (9, 3); you now have 475 sun.
zombie sun-imp produced a sun at (9, 4); you now have 500 sun.
zombie sun-imp produced a sun at (9, 5); you now have 525 sun.
zombie sun-imp produced a sun at (9, 1); you now have 550 sun.
zombie sun-imp produced a sun at (9, 2); you now have 575 sun.
zombie sun-imp produced a sun at (9, 3); you now have 600 sun.
zombie sun-imp produced a sun at (9, 4); you now have 625 sun.
zombie sun-imp produced a sun at (9, 5); you now have 650 sun.
zombie sun-imp produced a sun at (9, 1); you now have 675 sun.
zombie sun-imp produced a sun at (9, 2); you now have 700 sun.
zombie sun-imp produced a sun at (9, 3); you now have 725 sun.
zombie sun-imp produced a sun at (9, 4); you now have 750 sun.
zombie sun-imp produced a sun at (9, 5); you now have 775 sun.
zombie sun-imp produced a sun at (9, 1); you now have 800 sun.
zombie sun-imp produced a sun at (9, 2); you now have 825 sun.
zombie sun-imp produced a sun at (9, 3); you now have 850 sun.
zombie sun-imp produced a sun at (9, 4); you now have 875 sun.
zombie sun-imp produced a sun at (9, 5); you now have 900 sun.
zombie sun-imp produced a sun at (9, 1); you now have 925 sun.
zombie sun-imp produced a sun at (9, 2); you now have 950 sun.
zombie sun-imp produced a sun at (9, 3); you now have 975 sun.
zombie sun-imp produced a sun at (9, 4); you now have 1000 sun.
zombie sun-imp produced a sun at (9, 5); you now have 1025 sun.
zombie sun-imp produced a sun at (9, 1); you now have 1050 sun.
zombie sun-imp produced a sun at (9, 2); you now have 1075 sun.
zombie sun-imp produced a sun at (9, 3); you now have 1100 sun.
zombie sun-imp produced a sun at (9, 4); you now have 1125 sun.
zombie sun-imp produced a sun at (9, 5); you now have 1150 sun.
A sun-imp takes its place in lane 1.
A sun-imp takes its place in lane 2.
A sun-imp takes its place in lane 3.
A sun-imp takes its place in lane 4.
A sun-imp takes its place in lane 5.
zombie sun-imp produced a sun at (9, 1); you now have 175 sun.
zombie sun-imp produced a sun at (9, 2); you now have 200 sun.
zombie sun-imp produced a sun at (9, 3); you now have 225 sun.
zombie sun-imp produced a sun at (9, 4); you now have 250 sun.
zombie sun-imp produced a sun at (9, 5); you now have 275 sun.
zombie sun-imp produced a sun at (9, 1); you now have 300 sun.
zombie sun-imp produced a sun at (9, 2); you now have 325 sun.
zombie sun-imp produced a sun at (9, 3); you now have 350 sun.
zombie sun-imp produced a sun at (9, 4); you now have 375 sun.
zombie sun-imp produced a sun at (9, 5); you now have 400 sun.
zombie sun-imp produced a sun at (9, 1); you now have 425 sun.
zombie sun-imp produced a sun at (9, 2); you now have 450 sun.
zombie sun-imp produced a sun at (9, 3); you now have 475 sun.
zombie sun-imp produced a sun at (9, 4); you now have 500 sun.
zombie sun-imp produced a sun at (9, 5); you now have 525 sun.
zombie sun-imp produced a sun at (9, 1); you now have 550 sun.
zombie sun-imp produced a sun at (9, 2); you now have 575 sun.
zombie sun-imp produced a sun at (9, 3); you now have 600 sun.
zombie sun-imp produced a sun at (9, 4); you now have 625 sun.
zombie sun-imp produced a sun at (9, 5); you now have 650 sun.
zombie sun-imp produced a sun at (9, 1); you now have 675 sun.
zombie sun-imp produced a sun at (9, 2); you now have 700 sun.
zombie sun-imp produced a sun at (9, 3); you now have 725 sun.
zombie sun-imp produced a sun at (9, 4); you now have 750 sun.
zombie sun-imp produced a sun at (9, 5); you now have 775 sun.
zombie sun-imp produced a sun at (9, 1); you now have 800 sun.
zombie sun-imp produced a sun at (9, 2); you now have 825 sun.
zombie sun-imp produced a sun at (9, 3); you now have 850 sun.
zombie sun-imp produced a sun at (9, 4); you now have 875 sun.
zombie sun-imp produced a sun at (9, 5); you now have 900 sun.
zombie sun-imp produced a sun at (9, 1); you now have 925 sun.
zombie sun-imp produced a sun at (9, 2); you now have 950 sun.
zombie sun-imp produced a sun at (9, 3); you now have 975 sun.
zombie sun-imp produced a sun at (9, 4); you now have 1000 sun.
zombie sun-imp produced a sun at (9, 5); you now have 1025 sun.
zombie sun-imp produced a sun at (9, 1); you now have 1050 sun.
zombie sun-imp produced a sun at (9, 2); you now have 1075 sun.
zombie sun-imp produced a sun at (9, 3); you now have 1100 sun.
zombie sun-imp produced a sun at (9, 4); you now have 1125 sun.
zombie sun-imp produced a sun at (9, 5); you now have 1150 sun.
A sun-imp takes its place in lane 1.
A sun-imp takes its place in lane 2.
A sun-imp takes its place in lane 3.
A sun-imp takes its place in lane 4.
A sun-imp takes its place in lane 5.
A sun-imp takes its place in lane 1.
A sun-imp takes its place in lane 2.
A sun-imp takes its place in lane 3.
A sun-imp takes its place in lane 4.
A sun-imp takes its place in lane 5.
Plant cutout at (4, 1) is destroyed.
Plant cutout at (3, 1) is destroyed.
The brain in lane 1 has been eaten; 4 left.
Zombie of type buckethead is dead at (1, 1).
zombie sun-imp produced a sun at (9, 1); you now have 25 sun.
zombie sun-imp produced a sun at (9, 2); you now have 50 sun.
zombie sun-imp produced a sun at (9, 3); you now have 75 sun.
zombie sun-imp produced a sun at (9, 4); you now have 100 sun.
zombie sun-imp produced a sun at (9, 5); you now have 125 sun.
Plant cutout at (3, 2) is destroyed.
Plant cutout at (2, 2) is destroyed.
The brain in lane 2 has been eaten; 3 left.
Zombie of type newspaper is dead at (1, 2).
zombie sun-imp produced a sun at (9, 1); you now have 50 sun.
zombie sun-imp produced a sun at (9, 2); you now have 75 sun.
zombie sun-imp produced a sun at (9, 3); you now have 100 sun.
zombie sun-imp produced a sun at (9, 4); you now have 125 sun.
zombie sun-imp produced a sun at (9, 5); you now have 150 sun.
Plant cutout at (3, 3) is destroyed.
zombie sun-imp produced a sun at (9, 1); you now have 25 sun.
zombie sun-imp produced a sun at (9, 2); you now have 50 sun.
zombie sun-imp produced a sun at (9, 3); you now have 75 sun.
zombie sun-imp produced a sun at (9, 4); you now have 100 sun.
zombie sun-imp produced a sun at (9, 5); you now have 125 sun.
Plant cutout at (2, 3) is destroyed.
The brain in lane 3 has been eaten; 2 left.
Zombie of type buckethead is dead at (1, 3).
Zombie of type newspaper is dead at (1, 3).
zombie sun-imp produced a sun at (9, 1); you now have 50 sun.
zombie sun-imp produced a sun at (9, 2); you now have 75 sun.
zombie sun-imp produced a sun at (9, 3); you now have 100 sun.
zombie sun-imp produced a sun at (9, 4); you now have 125 sun.
zombie sun-imp produced a sun at (9, 5); you now have 150 sun.
Plant cutout at (4, 4) is destroyed.
zombie sun-imp produced a sun at (9, 1); you now have 25 sun.
zombie sun-imp produced a sun at (9, 2); you now have 50 sun.
zombie sun-imp produced a sun at (9, 3); you now have 75 sun.
zombie sun-imp produced a sun at (9, 4); you now have 100 sun.
zombie sun-imp produced a sun at (9, 5); you now have 125 sun.
Plant cutout at (3, 4) is destroyed.
The brain in lane 4 has been eaten; 1 left.
Zombie of type buckethead is dead at (1, 4).
Zombie of type newspaper is dead at (1, 4).
zombie sun-imp produced a sun at (9, 1); you now have 50 sun.
zombie sun-imp produced a sun at (9, 2); you now have 75 sun.
zombie sun-imp produced a sun at (9, 3); you now have 100 sun.
zombie sun-imp produced a sun at (9, 4); you now have 125 sun.
zombie sun-imp produced a sun at (9, 5); you now have 150 sun.
zombie sun-imp produced a sun at (9, 1); you now have 25 sun.
zombie sun-imp produced a sun at (9, 2); you now have 50 sun.
zombie sun-imp produced a sun at (9, 3); you now have 75 sun.
zombie sun-imp produced a sun at (9, 4); you now have 100 sun.
zombie sun-imp produced a sun at (9, 5); you now have 125 sun.
Plant cutout at (3, 5) is destroyed.
Plant cutout at (2, 5) is destroyed.
zombie sun-imp produced a sun at (9, 1); you now have 50 sun.
zombie sun-imp produced a sun at (9, 2); you now have 75 sun.
zombie sun-imp produced a sun at (9, 3); you now have 100 sun.
zombie sun-imp produced a sun at (9, 4); you now have 125 sun.
zombie sun-imp produced a sun at (9, 5); you now have 150 sun.
The brain in lane 5 has been eaten; 0 left.
Zombie of type buckethead is dead at (1, 5).
All five brains are eaten. You win!
A sun-imp takes its place in lane 1.
A sun-imp takes its place in lane 2.
A sun-imp takes its place in lane 3.
A sun-imp takes its place in lane 4.
A sun-imp takes its place in lane 5.
]]></system-out>
  <system-err><![CDATA[]]></system-err>
</testsuite>
