<?xml version="1.0" encoding="UTF-8"?>
<testsuite name="model.core.AuthServiceTest" tests="21" skipped="0" failures="0" errors="0" timestamp="2026-08-28T21:31:44.393Z" hostname="MacBook-Pro-4.local" time="0.02">
  <properties/>
  <testcase name="hashPasswordIsDeterministicAndNeverStoresThePlainText()" classname="model.core.AuthServiceTest" time="0.001"/>
  <testcase name="hashPasswordDiffersForDifferentInputs()" classname="model.core.AuthServiceTest" time="0.0"/>
  <testcase name="anEmailWithoutOrWithTwoAtSymbolsIsRejected()" classname="model.core.AuthServiceTest" time="0.001"/>
  <testcase name="aWellFormedEmailIsAccepted()" classname="model.core.AuthServiceTest" time="0.0"/>
  <testcase name="aUsernameOfLettersDigitsAndHyphensIsAccepted()" classname="model.core.AuthServiceTest" time="0.0"/>
  <testcase name="anEmailWithoutADotInTheDomainIsRejected()" classname="model.core.AuthServiceTest" time="0.0"/>
  <testcase name="aNicknameInRangeIsAccepted()" classname="model.core.AuthServiceTest" time="0.0"/>
  <testcase name="aPasswordWithAllFourClassesAndEnoughLengthPasses()" classname="model.core.AuthServiceTest" time="0.0"/>
  <testcase name="aNicknameShorterThanThreeOrLongerThanThirtyIsRejected()" classname="model.core.AuthServiceTest" time="0.0"/>
  <testcase name="anEmailWithATooShortTopLevelDomainIsRejected()" classname="model.core.AuthServiceTest" time="0.001"/>
  <testcase name="[1] &quot;has space&quot;" classname="model.core.AuthServiceTest" time="0.002"/>
  <testcase name="[2] &quot;has@symbol&quot;" classname="model.core.AuthServiceTest" time="0.0"/>
  <testcase name="[3] &quot;has.dot&quot;" classname="model.core.AuthServiceTest" time="0.001"/>
  <testcase name="[4] &quot;has_underscore&quot;" classname="model.core.AuthServiceTest" time="0.0"/>
  <testcase name="[5] &quot;emoji&#x1f600;&quot;" classname="model.core.AuthServiceTest" time="0.0"/>
  <testcase name="anEmailWithConsecutiveDotsInTheLocalPartIsRejected()" classname="model.core.AuthServiceTest" time="0.0"/>
  <testcase name="aPasswordShorterThanEightCharsIsRejectedEvenIfOtherwiseStrong()" classname="model.core.AuthServiceTest" time="0.0"/>
  <testcase name="aPasswordMissingAnyOfTheFourClassesIsRejected()" classname="model.core.AuthServiceTest" time="0.0"/>
  <testcase name="genderAcceptsMaleOrFemaleCaseInsensitively()" classname="model.core.AuthServiceTest" time="0.0"/>
  <testcase name="anEmptyOrNullUsernameIsRejected()" classname="model.core.AuthServiceTest" time="0.0"/>
  <testcase name="genderRejectsAnythingElse()" classname="model.core.AuthServiceTest" time="0.0"/>
  <system-out><![CDATA[]]></system-out>
  <system-err><![CDATA[]]></system-err>
</testsuite>
