<?xml version="1.0" encoding="UTF-8"?>
<testsuite name="model.game.minigame.BossStageRuleTest" tests="7" skipped="0" failures="0" errors="0" timestamp="2026-08-31T06:57:54.503Z" hostname="MacBook-Pro-4.local" time="0.002">
  <properties/>
  <testcase name="itHandsOutTheBossHealthTheHudDraws()" classname="model.game.minigame.BossStageRuleTest" time="0.001"/>
  <testcase name="theBeltIsWhatDecidesWhatCanBePlanted()" classname="model.game.minigame.BossStageRuleTest" time="0.0"/>
  <testcase name="theStageIsNotWonWhileTheBossIsStanding()" classname="model.game.minigame.BossStageRuleTest" time="0.0"/>
  <testcase name="aBossStageRunsOnTheConveyorBelt()" classname="model.game.minigame.BossStageRuleTest" time="0.0"/>
  <testcase name="theStageIsNotWonBeforeTheBossHasEvenArrived()" classname="model.game.minigame.BossStageRuleTest" time="0.0"/>
  <testcase name="killingTheBossWinsTheStageEvenWithItsMinionsStillOnTheLawn()" classname="model.game.minigame.BossStageRuleTest" time="0.001"/>
  <testcase name="theBeltKeepsTickingWithTheStage()" classname="model.game.minigame.BossStageRuleTest" time="0.0"/>
  <system-out><![CDATA[=== BOSS STAGE: ZombieZombossMechEgypt has rolled onto the lawn! ===
=== ZombieZombossMechEgypt has been destroyed! The chapter is yours. ===
The conveyor belt delivered a peashooter.
=== BOSS STAGE: ZombieZombossMechEgypt has rolled onto the lawn! ===
=== BOSS STAGE: ZombieZombossMechEgypt has rolled onto the lawn! ===
=== ZombieZombossMechEgypt has been destroyed! The chapter is yours. ===
The conveyor belt delivered a peashooter.
The conveyor belt delivered a peashooter.
The conveyor belt delivered a peashooter.
]]></system-out>
  <system-err><![CDATA[]]></system-err>
</testsuite>
