<?xml version="1.0" encoding="UTF-8"?>
<testsuite name="model.game.zombie.ZombieStateTest" tests="14" skipped="0" failures="0" errors="0" timestamp="2026-08-31T06:57:54.590Z" hostname="MacBook-Pro-4.local" time="0.002">
  <properties/>
  <testcase name="poisonTicksDamageEachTimeItProcesses()" classname="model.game.zombie.ZombieStateTest" time="0.0"/>
  <testcase name="damageOverflowsFromArmorIntoHealthOnceTheArmorBreaks()" classname="model.game.zombie.ZombieStateTest" time="0.0"/>
  <testcase name="moveAdvancesTowardsTheHouseByItsOwnSpeed()" classname="model.game.zombie.ZombieStateTest" time="0.0"/>
  <testcase name="extinguishFrozenStatusClearsBothFrozenAndChilled()" classname="model.game.zombie.ZombieStateTest" time="0.0"/>
  <testcase name="multipleArmorLayersAreConsumedInOrder()" classname="model.game.zombie.ZombieStateTest" time="0.001"/>
  <testcase name="aChilledZombieMovesAtHalfSpeed()" classname="model.game.zombie.ZombieStateTest" time="0.0"/>
  <testcase name="takeDamageIgnoringArmorHitsHealthDirectly()" classname="model.game.zombie.ZombieStateTest" time="0.0"/>
  <testcase name="takeDamageNeverDropsHealthBelowZero()" classname="model.game.zombie.ZombieStateTest" time="0.0"/>
  <testcase name="armorAbsorbsDamageBeforeHealthDoes()" classname="model.game.zombie.ZombieStateTest" time="0.0"/>
  <testcase name="aZombieThatIsEatingDoesNotMove()" classname="model.game.zombie.ZombieStateTest" time="0.0"/>
  <testcase name="anEffectExpiresAfterItsGivenDuration()" classname="model.game.zombie.ZombieStateTest" time="0.0"/>
  <testcase name="aFrozenZombieDoesNotMove()" classname="model.game.zombie.ZombieStateTest" time="0.0"/>
  <testcase name="healClampsAtMaxHealth()" classname="model.game.zombie.ZombieStateTest" time="0.0"/>
  <testcase name="aHypnotizedZombieWalksTheOtherWay()" classname="model.game.zombie.ZombieStateTest" time="0.0"/>
  <system-out><![CDATA[]]></system-out>
  <system-err><![CDATA[]]></system-err>
</testsuite>
