<?xml version="1.0" encoding="UTF-8"?>
<testsuite name="model.game.plant.PlantStateTest" tests="16" skipped="0" failures="0" errors="0" timestamp="2026-08-31T06:57:54.583Z" hostname="MacBook-Pro-4.local" time="0.002">
  <properties/>
  <testcase name="iceHasToBeBrokenRatherThanTimingOut()" classname="model.game.plant.PlantStateTest" time="0.0"/>
  <testcase name="takeDamageClampsAtZeroAndNeverGoesNegative()" classname="model.game.plant.PlantStateTest" time="0.0"/>
  <testcase name="theThirdFreezeLevelEncasesThePlantInIce()" classname="model.game.plant.PlantStateTest" time="0.0"/>
  <testcase name="aShieldAbsorbsDamageInsteadOfThePlantUnderneath()" classname="model.game.plant.PlantStateTest" time="0.0"/>
  <testcase name="aCurseClearsItselfOnceTheWizardDies()" classname="model.game.plant.PlantStateTest" time="0.0"/>
  <testcase name="aShieldFallsOffOnceItDiesWithoutSplashingTheRemainderOntoThePlant()" classname="model.game.plant.PlantStateTest" time="0.001"/>
  <testcase name="theFirstTwoFreezeLevelsHaveNoEffect()" classname="model.game.plant.PlantStateTest" time="0.0"/>
  <testcase name="negativeOrZeroHealDoesNothing()" classname="model.game.plant.PlantStateTest" time="0.0"/>
  <testcase name="anOctopusHoldIsDisabledAndReadsAsHeld()" classname="model.game.plant.PlantStateTest" time="0.0"/>
  <testcase name="addStackStopsAtTheCap()" classname="model.game.plant.PlantStateTest" time="0.0"/>
  <testcase name="meltIceClearsItInOneCall()" classname="model.game.plant.PlantStateTest" time="0.0"/>
  <testcase name="aCurseIsDisabledButMustNotReadAsAnOctopusHold()" classname="model.game.plant.PlantStateTest" time="0.0"/>
  <testcase name="healClampsAtMaxHealth()" classname="model.game.plant.PlantStateTest" time="0.0"/>
  <testcase name="aHoldLapsesOnItsOwn()" classname="model.game.plant.PlantStateTest" time="0.0"/>
  <testcase name="hasPlantFoodEffectIsFalseForAPlantBuiltWithNone()" classname="model.game.plant.PlantStateTest" time="0.0"/>
  <testcase name="aPlainFreezeExpiresOnItsOwnUnlikeIce()" classname="model.game.plant.PlantStateTest" time="0.0"/>
  <system-out><![CDATA[peashooter at (4, 3) is frozen solid; the ice has 600 hp.
The ice around peashooter at (4, 3) shattered.
peashooter at (4, 3) is frozen solid; the ice has 600 hp.
peashooter at (4, 3) is frozen solid; the ice has 600 hp.
The ice around peashooter at (4, 3) shattered.
]]></system-out>
  <system-err><![CDATA[]]></system-err>
</testsuite>
