<?xml version="1.0" encoding="UTF-8"?>
<testsuite name="model.game.minigame.arcade.CouchPlayRoutingTest" tests="4" skipped="0" failures="0" errors="0" timestamp="2026-08-31T06:57:54.539Z" hostname="MacBook-Pro-4.local" time="0.011">
  <properties/>
  <testcase name="theMouseSideCannotPlaceZombiesAndTheKeyboardSideCannotPlacePlants()" classname="model.game.minigame.arcade.CouchPlayRoutingTest" time="0.005"/>
  <testcase name="aLocalMatchIsDecidedTheSameWayAServerOneIs()" classname="model.game.minigame.arcade.CouchPlayRoutingTest" time="0.003"/>
  <testcase name="bothSidesCanActOnTheSameMatchInTheSameTick()" classname="model.game.minigame.arcade.CouchPlayRoutingTest" time="0.001"/>
  <testcase name="aFinishedMatchRefusesBothSides()" classname="model.game.minigame.arcade.CouchPlayRoutingTest" time="0.001"/>
  <system-out><![CDATA[A sun-imp takes its place in lane 1.
A sun-imp takes its place in lane 2.
A sun-imp takes its place in lane 3.
A sun-imp takes its place in lane 4.
A sun-imp takes its place in lane 5.
A sun-imp takes its place in lane 1.
A sun-imp takes its place in lane 2.
A sun-imp takes its place in lane 3.
A sun-imp takes its place in lane 4.
A sun-imp takes its place in lane 5.
zombie sun-imp produced a sun at (9, 1); you now have 175 sun.
zombie sun-imp produced a sun at (9, 2); you now have 200 sun.
zombie sun-imp produced a sun at (9, 3); you now have 225 sun.
zombie sun-imp produced a sun at (9, 4); you now have 250 sun.
zombie sun-imp produced a sun at (9, 5); you now have 275 sun.
zombie sun-imp produced a sun at (9, 1); you now have 300 sun.
zombie sun-imp produced a sun at (9, 2); you now have 325 sun.
zombie sun-imp produced a sun at (9, 3); you now have 350 sun.
zombie sun-imp produced a sun at (9, 4); you now have 375 sun.
zombie sun-imp produced a sun at (9, 5); you now have 400 sun.
zombie sun-imp produced a sun at (9, 1); you now have 425 sun.
zombie sun-imp produced a sun at (9, 2); you now have 450 sun.
zombie sun-imp produced a sun at (9, 3); you now have 475 sun.
zombie sun-imp produced a sun at (9, 4); you now have 500 sun.
zombie sun-imp produced a sun at (9, 5); you now have 525 sun.
zombie sun-imp produced a sun at (9, 1); you now have 550 sun.
zombie sun-imp produced a sun at (9, 2); you now have 575 sun.
zombie sun-imp produced a sun at (9, 3); you now have 600 sun.
zombie sun-imp produced a sun at (9, 4); you now have 625 sun.
zombie sun-imp produced a sun at (9, 5); you now have 650 sun.
zombie sun-imp produced a sun at (9, 1); you now have 675 sun.
zombie sun-imp produced a sun at (9, 2); you now have 700 sun.
zombie sun-imp produced a sun at (9, 3); you now have 725 sun.
zombie sun-imp produced a sun at (9, 4); you now have 750 sun.
zombie sun-imp produced a sun at (9, 5); you now have 775 sun.
zombie sun-imp produced a sun at (9, 1); you now have 800 sun.
zombie sun-imp produced a sun at (9, 2); you now have 825 sun.
zombie sun-imp produced a sun at (9, 3); you now have 850 sun.
zombie sun-imp produced a sun at (9, 4); you now have 875 sun.
zombie sun-imp produced a sun at (9, 5); you now have 900 sun.
zombie sun-imp produced a sun at (9, 1); you now have 925 sun.
zombie sun-imp produced a sun at (9, 2); you now have 950 sun.
zombie sun-imp produced a sun at (9, 3); you now have 975 sun.
zombie sun-imp produced a sun at (9, 4); you now have 1000 sun.
zombie sun-imp produced a sun at (9, 5); you now have 1025 sun.
zombie sun-imp produced a sun at (9, 1); you now have 1050 sun.
zombie sun-imp produced a sun at (9, 2); you now have 1075 sun.
zombie sun-imp produced a sun at (9, 3); you now have 1100 sun.
zombie sun-imp produced a sun at (9, 4); you now have 1125 sun.
zombie sun-imp produced a sun at (9, 5); you now have 1150 sun.
A sun-imp takes its place in lane 1.
A sun-imp takes its place in lane 2.
A sun-imp takes its place in lane 3.
A sun-imp takes its place in lane 4.
A sun-imp takes its place in lane 5.
A sun-imp takes its place in lane 1.
A sun-imp takes its place in lane 2.
A sun-imp takes its place in lane 3.
A sun-imp takes its place in lane 4.
A sun-imp takes its place in lane 5.
zombie sun-imp produced a sun at (9, 1); you now have 175 sun.
zombie sun-imp produced a sun at (9, 2); you now have 200 sun.
zombie sun-imp produced a sun at (9, 3); you now have 225 sun.
zombie sun-imp produced a sun at (9, 4); you now have 250 sun.
zombie sun-imp produced a sun at (9, 5); you now have 275 sun.
zombie sun-imp produced a sun at (9, 1); you now have 300 sun.
zombie sun-imp produced a sun at (9, 2); you now have 325 sun.
zombie sun-imp produced a sun at (9, 3); you now have 350 sun.
zombie sun-imp produced a sun at (9, 4); you now have 375 sun.
zombie sun-imp produced a sun at (9, 5); you now have 400 sun.
zombie sun-imp produced a sun at (9, 1); you now have 425 sun.
zombie sun-imp produced a sun at (9, 2); you now have 450 sun.
zombie sun-imp produced a sun at (9, 3); you now have 475 sun.
zombie sun-imp produced a sun at (9, 4); you now have 500 sun.
zombie sun-imp produced a sun at (9, 5); you now have 525 sun.
zombie sun-imp produced a sun at (9, 1); you now have 550 sun.
zombie sun-imp produced a sun at (9, 2); you now have 575 sun.
zombie sun-imp produced a sun at (9, 3); you now have 600 sun.
zombie sun-imp produced a sun at (9, 4); you now have 625 sun.
zombie sun-imp produced a sun at (9, 5); you now have 650 sun.
zombie sun-imp produced a sun at (9, 1); you now have 675 sun.
zombie sun-imp produced a sun at (9, 2); you now have 700 sun.
zombie sun-imp produced a sun at (9, 3); you now have 725 sun.
zombie sun-imp produced a sun at (9, 4); you now have 750 sun.
zombie sun-imp produced a sun at (9, 5); you now have 775 sun.
zombie sun-imp produced a sun at (9, 1); you now have 800 sun.
zombie sun-imp produced a sun at (9, 2); you now have 825 sun.
zombie sun-imp produced a sun at (9, 3); you now have 850 sun.
zombie sun-imp produced a sun at (9, 4); you now have 875 sun.
zombie sun-imp produced a sun at (9, 5); you now have 900 sun.
zombie sun-imp produced a sun at (9, 1); you now have 925 sun.
zombie sun-imp produced a sun at (9, 2); you now have 950 sun.
zombie sun-imp produced a sun at (9, 3); you now have 975 sun.
zombie sun-imp produced a sun at (9, 4); you now have 1000 sun.
zombie sun-imp produced a sun at (9, 5); you now have 1025 sun.
zombie sun-imp produced a sun at (9, 1); you now have 1050 sun.
zombie sun-imp produced a sun at (9, 2); you now have 1075 sun.
zombie sun-imp produced a sun at (9, 3); you now have 1100 sun.
zombie sun-imp produced a sun at (9, 4); you now have 1125 sun.
zombie sun-imp produced a sun at (9, 5); you now have 1150 sun.
]]></system-out>
  <system-err><![CDATA[]]></system-err>
</testsuite>
