<?xml version="1.0" encoding="UTF-8"?>
<testsuite name="model.game.plant.EveryPlantWorksTest" tests="3" skipped="0" failures="0" errors="0" timestamp="2026-08-31T06:57:54.564Z" hostname="MacBook-Pro-4.local" time="0.019">
  <properties/>
  <testcase name="everyPlantBuildsWithHealth()" classname="model.game.plant.EveryPlantWorksTest" time="0.007"/>
  <testcase name="thePlantRosterLoaded()" classname="model.game.plant.EveryPlantWorksTest" time="0.0"/>
  <testcase name="everyPlantDoesSomethingWhenAZombieWalksIntoIt()" classname="model.game.plant.EveryPlantWorksTest" time="0.01"/>
  <system-out><![CDATA[New normal sun is dropping at position (4, 5)
New large sun is dropping at position (5, 5)
New normal sun is dropping at position (6, 4)
New normal sun is dropping at position (5, 3)
plant Gold Bloom produced a sun at (3, 3)
Gold Bloom vanished after its one-off burst.
Plant Gold Bloom at (3, 3) is destroyed.
Plant Peashooter fired a NORMAL projectile at row 3!
Plant Peashooter fired a NORMAL projectile at row 3!
Plant Peashooter fired a NORMAL projectile at row 3!
Plant Peashooter fired a NORMAL projectile at row 3!
Plant Peashooter fired a NORMAL projectile at row 3!
Plant Peashooter fired a NORMAL projectile at row 3!
Plant Peashooter fired a NORMAL projectile at row 3!
New normal sun is dropping at position (6, 2)
Plant Peashooter fired a NORMAL projectile at row 3!
Plant Repeater fired a NORMAL projectile at row 3!
Plant Repeater fired a NORMAL projectile at row 3!
Plant Repeater fired a NORMAL projectile at row 3!
Plant Repeater fired a NORMAL projectile at row 3!
Plant Repeater fired a NORMAL projectile at row 3!
Plant Repeater fired a NORMAL projectile at row 3!
Plant Repeater fired a NORMAL projectile at row 3!
New large sun is dropping at position (5, 4)
Plant Repeater fired a NORMAL projectile at row 3!
Plant Threepeater fired a NORMAL projectile at row 2!
Plant Threepeater fired a NORMAL projectile at row 3!
Plant Threepeater fired a NORMAL projectile at row 4!
Plant Snow Pea fired a ICE projectile at row 3!
Plant Snow Pea fired a ICE projectile at row 3!
Plant Snow Pea fired a ICE projectile at row 3!
Plant Snow Pea fired a ICE projectile at row 3!
Plant Snow Pea fired a ICE projectile at row 3!
Plant Snow Pea fired a ICE projectile at row 3!
Plant Snow Pea fired a ICE projectile at row 3!
New normal sun is dropping at position (8, 3)
Plant Snow Pea fired a ICE projectile at row 3!
Plant Rotobaga fired a NORMAL projectile at row 3!
Plant Pea Pod fired a NORMAL projectile at row 3!
Plant Pea Pod fired a NORMAL projectile at row 3!
Plant Pea Pod fired a NORMAL projectile at row 3!
Plant Pea Pod fired a NORMAL projectile at row 3!
Plant Pea Pod fired a NORMAL projectile at row 3!
Plant Pea Pod fired a NORMAL projectile at row 3!
Plant Pea Pod fired a NORMAL projectile at row 3!
New large sun is dropping at position (7, 3)
Plant Pea Pod fired a NORMAL projectile at row 3!
Plant Split Pea fired a NORMAL projectile at row 3!
Plant Citron fired a NORMAL projectile at row 3!
New normal sun is dropping at position (9, 3)
New normal sun is dropping at position (6, 3)
Caulipower hypnotised AuditTarget; it now fights for you!
New large sun is dropping at position (7, 5)
Plant Electric Blueberry fired homing projectile at AuditTarget (row 2)!
Bowling Bulb rolled a Cyan bulb (40 dmg) down row 3!
Bowling Bulb rolled a Blue bulb (120 dmg) down row 3!
Bowling Bulb rolled a Orange bulb (180 dmg) down row 3!
Plant Cactus fired a NORMAL projectile at row 3!
Plant Fire Peashooter fired a FIRE projectile at row 3!
Plant Fire Peashooter fired a FIRE projectile at row 3!
Plant Fire Peashooter fired a FIRE projectile at row 3!
Plant Fire Peashooter fired a FIRE projectile at row 3!
Plant Fire Peashooter fired a FIRE projectile at row 3!
Plant Fire Peashooter fired a FIRE projectile at row 3!
Plant Fire Peashooter fired a FIRE projectile at row 3!
New normal sun is dropping at position (1, 4)
Plant Fire Peashooter fired a FIRE projectile at row 3!
Plant Starfruit fired a NORMAL projectile at row 3!
Plant Goo Peashooter fired a POISON projectile at row 3!
Plant Goo Peashooter fired a POISON projectile at row 3!
Plant Goo Peashooter fired a POISON projectile at row 3!
Plant Goo Peashooter fired a POISON projectile at row 3!
Plant Goo Peashooter fired a POISON projectile at row 3!
Plant Goo Peashooter fired a POISON projectile at row 3!
Plant Goo Peashooter fired a POISON projectile at row 3!
New normal sun is dropping at position (8, 5)
Plant Goo Peashooter fired a POISON projectile at row 3!
Plant Mega Gatling Pea fired a NORMAL projectile at row 3!
Plant Mega Gatling Pea fired a NORMAL projectile at row 3!
Plant Mega Gatling Pea fired a NORMAL projectile at row 3!
Plant Mega Gatling Pea fired a NORMAL projectile at row 3!
Plant Mega Gatling Pea fired a NORMAL projectile at row 3!
Plant Mega Gatling Pea fired a NORMAL projectile at row 3!
Plant Mega Gatling Pea fired a NORMAL projectile at row 3!
New normal sun is dropping at position (7, 2)
Plant Mega Gatling Pea fired a NORMAL projectile at row 3!
Plant Sea-shroom fired a NORMAL projectile at row 3!
Plant Sea-shroom fired a NORMAL projectile at row 3!
Plant Sea-shroom fired a NORMAL projectile at row 3!
Plant Sea-shroom fired a NORMAL projectile at row 3!
Plant Sea-shroom fired a NORMAL projectile at row 3!
Plant Sea-shroom fired a NORMAL projectile at row 3!
Plant Sea-shroom fired a NORMAL projectile at row 3!
New normal sun is dropping at position (1, 5)
Plant Sea-shroom fired a NORMAL projectile at row 3!
Plant Puff-shroom fired a NORMAL projectile at row 3!
Plant Puff-shroom fired a NORMAL projectile at row 3!
Plant Puff-shroom fired a NORMAL projectile at row 3!
Plant Puff-shroom fired a NORMAL projectile at row 3!
Plant Puff-shroom fired a NORMAL projectile at row 3!
Plant Puff-shroom fired a NORMAL projectile at row 3!
Plant Puff-shroom fired a NORMAL projectile at row 3!
New large sun is dropping at position (1, 4)
Plant Puff-shroom fired a NORMAL projectile at row 3!
Plant Fume-shroom fired a NORMAL projectile at row 3!
Plant Cabbage-pult lobbed a NORMAL projectile at row 3!
Plant Cabbage-pult lobbed a NORMAL projectile at row 3!
Plant Cabbage-pult lobbed a NORMAL projectile at row 3!
Plant Cabbage-pult lobbed a NORMAL projectile at row 3!
New normal sun is dropping at position (6, 2)
Kernel-pult lobbed a kernel at AuditTarget.
Kernel-pult lobbed a kernel at AuditTarget.
Kernel-pult lobbed butter at AuditTarget.
Kernel-pult lobbed a kernel at AuditTarget.
New normal sun is dropping at position (2, 1)
Plant Melon-pult lobbed a NORMAL projectile at row 3!
Plant Melon-pult lobbed a NORMAL projectile at row 3!
Plant Melon-pult lobbed a NORMAL projectile at row 3!
Plant Melon-pult lobbed a NORMAL projectile at row 3!
New normal sun is dropping at position (9, 3)
Plant Winter Melon lobbed a ICE projectile at row 3!
Plant Winter Melon lobbed a ICE projectile at row 3!
Plant Winter Melon lobbed a ICE projectile at row 3!
Plant Winter Melon lobbed a ICE projectile at row 3!
New normal sun is dropping at position (4, 2)
Plant Pepper-pult lobbed a FIRE projectile at row 3!
Plant Pepper-pult lobbed a FIRE projectile at row 3!
Plant Pepper-pult lobbed a FIRE projectile at row 3!
Plant Pepper-pult lobbed a FIRE projectile at row 3!
New normal sun is dropping at position (1, 1)
New normal sun is dropping at position (9, 1)
Primal Potato Mine is armed at (3, 3) and waiting for a zombie.
BOOM! Primal Potato Mine exploded at (3, 3)
Plant Primal Potato Mine at (3, 3) is destroyed.
BOOM! Cherry Bomb exploded at (3, 3)
Plant Cherry Bomb at (3, 3) is destroyed.
Squash is armed at (3, 3) and waiting for a zombie.
BOOM! Squash exploded at (3, 3)
Plant Squash at (3, 3) is destroyed.
BOOM! Grapeshot exploded at (3, 3)
Grapeshot scattered 6 ricocheting grapes!
Plant Grapeshot at (3, 3) is destroyed.
BOOM! Jalapeno exploded at (3, 3)
Jalapeno torched 1 zombie(s) across row 3.
Plant Jalapeno at (3, 3) is destroyed.
BOOM! Doom-shroom exploded at (3, 3)
Doom-shroom left an unplantable crater at (3, 3).
Plant Doom-shroom at (3, 3) is destroyed.
Tangle Kelp is armed at (3, 3) and waiting for a zombie.
BOOM! Tangle Kelp exploded at (3, 3)
Plant Tangle Kelp at (3, 3) is destroyed.
Iceberg Lettuce froze 1 zombie(s) for 5s.
Plant Iceberg Lettuce at (3, 3) is destroyed.
Plant Bonk Choy hit AuditTarget in melee range!
Plant Bonk Choy hit AuditTarget in melee range!
Plant Bonk Choy hit AuditTarget in melee range!
Plant Bonk Choy hit AuditTarget in melee range!
Plant Bonk Choy hit AuditTarget in melee range!
Plant Bonk Choy hit AuditTarget in melee range!
Plant Bonk Choy hit AuditTarget in melee range!
Plant Bonk Choy hit AuditTarget in melee range!
Plant Bonk Choy hit AuditTarget in melee range!
Plant Bonk Choy hit AuditTarget in melee range!
Plant Bonk Choy hit AuditTarget in melee range!
Plant Bonk Choy hit AuditTarget in melee range!
Plant Bonk Choy hit AuditTarget in melee range!
Plant Bonk Choy hit AuditTarget in melee range!
Plant Bonk Choy hit AuditTarget in melee range!
Plant Bonk Choy hit AuditTarget in melee range!
Plant Bonk Choy hit AuditTarget in melee range!
Plant Bonk Choy hit AuditTarget in melee range!
Plant Bonk Choy hit AuditTarget in melee range!
Plant Bonk Choy hit AuditTarget in melee range!
Plant Bonk Choy hit AuditTarget in melee range!
Plant Bonk Choy hit AuditTarget in melee range!
Plant Bonk Choy hit AuditTarget in melee range!
Plant Bonk Choy hit AuditTarget in melee range!
Plant Bonk Choy hit AuditTarget in melee range!
Plant Bonk Choy hit AuditTarget in melee range!
Plant Bonk Choy hit AuditTarget in melee range!
Plant Bonk Choy hit AuditTarget in melee range!
Plant Bonk Choy hit AuditTarget in melee range!
Plant Bonk Choy hit AuditTarget in melee range!
Plant Bonk Choy hit AuditTarget in melee range!
Plant Bonk Choy hit AuditTarget in melee range!
Plant Bonk Choy hit AuditTarget in melee range!
Plant Bonk Choy hit AuditTarget in melee range!
Plant Bonk Choy hit AuditTarget in melee range!
Plant Bonk Choy hit AuditTarget in melee range!
Plant Bonk Choy hit AuditTarget in melee range!
Plant Bonk Choy hit AuditTarget in melee range!
Plant Bonk Choy hit AuditTarget in melee range!
New normal sun is dropping at position (3, 5)
Plant Bonk Choy hit AuditTarget in melee range!
Plant Phat Beet released a sonic wave over a 3x3 area!
Plant Phat Beet released a sonic wave over a 3x3 area!
Plant Phat Beet released a sonic wave over a 3x3 area!
Plant Phat Beet released a sonic wave over a 3x3 area!
Plant Phat Beet released a sonic wave over a 3x3 area!
New large sun is dropping at position (9, 1)
Plant Phat Beet released a sonic wave over a 3x3 area!
New normal sun is dropping at position (7, 5)
Plant Wasabi Whip hit AuditTarget in melee range!
Plant Wasabi Whip hit AuditTarget in melee range!
Plant Wasabi Whip hit AuditTarget in melee range!
Plant Wasabi Whip hit AuditTarget in melee range!
Plant Wasabi Whip hit AuditTarget in melee range!
New normal sun is dropping at position (9, 5)
Plant Wasabi Whip hit AuditTarget in melee range!
Plant Kiwibeast released a sonic wave over a 3x3 area!
Plant Kiwibeast released a sonic wave over a 3x3 area!
Plant Kiwibeast released a sonic wave over a 3x3 area!
Plant Kiwibeast released a sonic wave over a 3x3 area!
Plant Kiwibeast released a sonic wave over a 3x3 area!
New normal sun is dropping at position (3, 4)
New normal sun is dropping at position (1, 2)
New normal sun is dropping at position (4, 4)
New normal sun is dropping at position (8, 5)
Garlic pushed AuditTarget from row 3 to row 4!
The lawn mower in the row 4 is triggered and killed these zombies:
- AuditTarget
New large sun is dropping at position (8, 3)
New normal sun is dropping at position (5, 2)
New normal sun is dropping at position (9, 5)
New normal sun is dropping at position (5, 5)
New normal sun is dropping at position (8, 1)
New large sun is dropping at position (1, 1)
Hypno-shroom hypnotised AuditTarget; it now fights for you!
Plant Hypno-shroom at (3, 3) is destroyed.
Plant Cat-tail fired homing projectile at AuditTarget (row 2)!
Plant Cat-tail fired homing projectile at AuditTarget (row 2)!
Plant Cat-tail fired homing projectile at AuditTarget (row 2)!
Plant Cat-tail fired homing projectile at AuditTarget (row 2)!
Plant Cat-tail fired homing projectile at AuditTarget (row 2)!
Plant Cat-tail fired homing projectile at AuditTarget (row 2)!
Plant Cat-tail fired homing projectile at AuditTarget (row 2)!
New normal sun is dropping at position (5, 2)
Plant Cat-tail fired homing projectile at AuditTarget (row 2)!
Plant Imitater at (3, 3) is destroyed.
Ice-shroom froze 1 zombie(s) for 5s.
Plant Ice-shroom at (3, 3) is destroyed.
New large sun is dropping at position (9, 3)
Hot Potato melted the ice on 0 tile(s).
Plant Hot Potato at (3, 3) is destroyed.
Grave Buster found no gravestone here and was wasted.
Plant Grave Buster at (3, 3) is destroyed.
Enlighten-mint energised 0 SUN_PRODUCER plant(s) across the lawn!
Plant Enlighten-mint at (3, 3) is destroyed.
Appease-mint energised 0 SHOOTER plant(s) across the lawn!
Plant Appease-mint at (3, 3) is destroyed.
Arma-mint energised 0 LOBBER plant(s) across the lawn!
Plant Arma-mint at (3, 3) is destroyed.
Bombard-mint energised 0 EXPLOSIVE plant(s) across the lawn!
Plant Bombard-mint at (3, 3) is destroyed.
Enforce-mint energised 0 MELEE plant(s) across the lawn!
Plant Enforce-mint at (3, 3) is destroyed.
Reinforce-mint energised 0 WALL_NUT plant(s) across the lawn!
Plant Reinforce-mint at (3, 3) is destroyed.
Enchant-mint energised 0 MODIFIER plant(s) across the lawn!
Plant Enchant-mint at (3, 3) is destroyed.
Pierce-mint energised 0 STRIKE_THROUGH plant(s) across the lawn!
Plant Pierce-mint at (3, 3) is destroyed.
catTail-mint energised 0 HOMING plant(s) across the lawn!
Plant catTail-mint at (3, 3) is destroyed.
]]></system-out>
  <system-err><![CDATA[]]></system-err>
</testsuite>
