<?xml version="1.0" encoding="UTF-8"?>
<testsuite name="model.game.BossOccupiesTwoRowsTest" tests="8" skipped="0" failures="0" errors="0" timestamp="2026-08-31T06:57:54.463Z" hostname="MacBook-Pro-4.local" time="0.015">
  <properties/>
  <testcase name="shotsFiredDownTheTopLaneHitIt()" classname="model.game.BossOccupiesTwoRowsTest" time="0.012"/>
  <testcase name="aMowerRollsStraightUnderTheRobotWithoutCrushingIt()" classname="model.game.BossOccupiesTwoRowsTest" time="0.0"/>
  <testcase name="aChargingBossDoesNotBurnTheRowsMower()" classname="model.game.BossOccupiesTwoRowsTest" time="0.001"/>
  <testcase name="shotsInAnUnoccupiedLaneStillMissIt()" classname="model.game.BossOccupiesTwoRowsTest" time="0.0"/>
  <testcase name="aPlantInEitherLaneSeesItAsATarget()" classname="model.game.BossOccupiesTwoRowsTest" time="0.0"/>
  <testcase name="groundIceNeitherFreezesTheRobotNorSlidesItOffTheBoard()" classname="model.game.BossOccupiesTwoRowsTest" time="0.0"/>
  <testcase name="shotsFiredDownTheSecondLaneHitItToo()" classname="model.game.BossOccupiesTwoRowsTest" time="0.001"/>
  <testcase name="anOrdinaryZombieIsStillOnlyInOneRow()" classname="model.game.BossOccupiesTwoRowsTest" time="0.0"/>
  <system-out><![CDATA[]]></system-out>
  <system-err><![CDATA[]]></system-err>
</testsuite>
