<?xml version="1.0" encoding="UTF-8"?>
<testsuite name="network.server.MatchServiceTest" tests="6" skipped="0" failures="0" errors="0" timestamp="2026-08-28T21:31:44.530Z" hostname="MacBook-Pro-4.local" time="2.557">
  <properties/>
  <testcase name="startingTwiceDoesNotGiveAMatchTwoClocks()" classname="network.server.MatchServiceTest" time="0.51"/>
  <testcase name="aMatchKnowsWhoIsPlayingWhichSide()" classname="network.server.MatchServiceTest" time="0.002"/>
  <testcase name="shutdownStopsTheClock()" classname="network.server.MatchServiceTest" time="0.711"/>
  <testcase name="anOpenMatchIsAdvancedByTheServer()" classname="network.server.MatchServiceTest" time="0.309"/>
  <testcase name="aFinishedMatchIsReportedOnceAndThenForgotten()" classname="network.server.MatchServiceTest" time="0.414"/>
  <testcase name="oneBadMatchDoesNotStopTheOthers()" classname="network.server.MatchServiceTest" time="0.608"/>
  <system-out><![CDATA[A sun-imp takes its place in lane 1.
A sun-imp takes its place in lane 2.
A sun-imp takes its place in lane 3.
A sun-imp takes its place in lane 4.
A sun-imp takes its place in lane 5.
A sun-imp takes its place in lane 1.
A sun-imp takes its place in lane 2.
A sun-imp takes its place in lane 3.
A sun-imp takes its place in lane 4.
A sun-imp takes its place in lane 5.
A sun-imp takes its place in lane 1.
A sun-imp takes its place in lane 2.
A sun-imp takes its place in lane 3.
A sun-imp takes its place in lane 4.
A sun-imp takes its place in lane 5.
A sun-imp takes its place in lane 1.
A sun-imp takes its place in lane 2.
A sun-imp takes its place in lane 3.
A sun-imp takes its place in lane 4.
A sun-imp takes its place in lane 5.
A sun-imp takes its place in lane 1.
A sun-imp takes its place in lane 2.
A sun-imp takes its place in lane 3.
A sun-imp takes its place in lane 4.
A sun-imp takes its place in lane 5.
zombie sun-imp produced a sun at (9, 1); you now have 175 sun.
zombie sun-imp produced a sun at (9, 2); you now have 200 sun.
zombie sun-imp produced a sun at (9, 3); you now have 225 sun.
zombie sun-imp produced a sun at (9, 4); you now have 250 sun.
zombie sun-imp produced a sun at (9, 5); you now have 275 sun.
zombie sun-imp produced a sun at (9, 1); you now have 300 sun.
zombie sun-imp produced a sun at (9, 2); you now have 325 sun.
zombie sun-imp produced a sun at (9, 3); you now have 350 sun.
zombie sun-imp produced a sun at (9, 4); you now have 375 sun.
zombie sun-imp produced a sun at (9, 5); you now have 400 sun.
zombie sun-imp produced a sun at (9, 1); you now have 425 sun.
zombie sun-imp produced a sun at (9, 2); you now have 450 sun.
zombie sun-imp produced a sun at (9, 3); you now have 475 sun.
zombie sun-imp produced a sun at (9, 4); you now have 500 sun.
zombie sun-imp produced a sun at (9, 5); you now have 525 sun.
zombie sun-imp produced a sun at (9, 1); you now have 550 sun.
zombie sun-imp produced a sun at (9, 2); you now have 575 sun.
zombie sun-imp produced a sun at (9, 3); you now have 600 sun.
zombie sun-imp produced a sun at (9, 4); you now have 625 sun.
zombie sun-imp produced a sun at (9, 5); you now have 650 sun.
zombie sun-imp produced a sun at (9, 1); you now have 675 sun.
zombie sun-imp produced a sun at (9, 2); you now have 700 sun.
zombie sun-imp produced a sun at (9, 3); you now have 725 sun.
zombie sun-imp produced a sun at (9, 4); you now have 750 sun.
zombie sun-imp produced a sun at (9, 5); you now have 775 sun.
zombie sun-imp produced a sun at (9, 1); you now have 800 sun.
zombie sun-imp produced a sun at (9, 2); you now have 825 sun.
zombie sun-imp produced a sun at (9, 3); you now have 850 sun.
zombie sun-imp produced a sun at (9, 4); you now have 875 sun.
zombie sun-imp produced a sun at (9, 5); you now have 900 sun.
zombie sun-imp produced a sun at (9, 1); you now have 925 sun.
zombie sun-imp produced a sun at (9, 2); you now have 950 sun.
zombie sun-imp produced a sun at (9, 3); you now have 975 sun.
zombie sun-imp produced a sun at (9, 4); you now have 1000 sun.
zombie sun-imp produced a sun at (9, 5); you now have 1025 sun.
zombie sun-imp produced a sun at (9, 1); you now have 1050 sun.
zombie sun-imp produced a sun at (9, 2); you now have 1075 sun.
zombie sun-imp produced a sun at (9, 3); you now have 1100 sun.
zombie sun-imp produced a sun at (9, 4); you now have 1125 sun.
zombie sun-imp produced a sun at (9, 5); you now have 1150 sun.
zombie sun-imp produced a sun at (9, 1); you now have 1175 sun.
zombie sun-imp produced a sun at (9, 2); you now have 1200 sun.
zombie sun-imp produced a sun at (9, 3); you now have 1225 sun.
zombie sun-imp produced a sun at (9, 4); you now have 1250 sun.
zombie sun-imp produced a sun at (9, 5); you now have 1275 sun.
zombie sun-imp produced a sun at (9, 1); you now have 1300 sun.
zombie sun-imp produced a sun at (9, 2); you now have 1325 sun.
zombie sun-imp produced a sun at (9, 3); you now have 1350 sun.
zombie sun-imp produced a sun at (9, 4); you now have 1375 sun.
zombie sun-imp produced a sun at (9, 5); you now have 1400 sun.
zombie sun-imp produced a sun at (9, 1); you now have 1425 sun.
zombie sun-imp produced a sun at (9, 2); you now have 1450 sun.
zombie sun-imp produced a sun at (9, 3); you now have 1475 sun.
zombie sun-imp produced a sun at (9, 4); you now have 1500 sun.
zombie sun-imp produced a sun at (9, 5); you now have 1525 sun.
zombie sun-imp produced a sun at (9, 1); you now have 1550 sun.
zombie sun-imp produced a sun at (9, 2); you now have 1575 sun.
zombie sun-imp produced a sun at (9, 3); you now have 1600 sun.
zombie sun-imp produced a sun at (9, 4); you now have 1625 sun.
zombie sun-imp produced a sun at (9, 5); you now have 1650 sun.
zombie sun-imp produced a sun at (9, 1); you now have 1675 sun.
zombie sun-imp produced a sun at (9, 2); you now have 1700 sun.
zombie sun-imp produced a sun at (9, 3); you now have 1725 sun.
zombie sun-imp produced a sun at (9, 4); you now have 1750 sun.
zombie sun-imp produced a sun at (9, 5); you now have 1775 sun.
zombie sun-imp produced a sun at (9, 1); you now have 1800 sun.
zombie sun-imp produced a sun at (9, 2); you now have 1825 sun.
zombie sun-imp produced a sun at (9, 3); you now have 1850 sun.
zombie sun-imp produced a sun at (9, 4); you now have 1875 sun.
zombie sun-imp produced a sun at (9, 5); you now have 1900 sun.
zombie sun-imp produced a sun at (9, 1); you now have 1925 sun.
zombie sun-imp produced a sun at (9, 2); you now have 1950 sun.
zombie sun-imp produced a sun at (9, 3); you now have 1975 sun.
zombie sun-imp produced a sun at (9, 4); you now have 2000 sun.
zombie sun-imp produced a sun at (9, 5); you now have 2025 sun.
zombie sun-imp produced a sun at (9, 1); you now have 2050 sun.
zombie sun-imp produced a sun at (9, 2); you now have 2075 sun.
zombie sun-imp produced a sun at (9, 3); you now have 2100 sun.
zombie sun-imp produced a sun at (9, 4); you now have 2125 sun.
zombie sun-imp produced a sun at (9, 5); you now have 2150 sun.
zombie sun-imp produced a sun at (9, 1); you now have 2175 sun.
zombie sun-imp produced a sun at (9, 2); you now have 2200 sun.
zombie sun-imp produced a sun at (9, 3); you now have 2225 sun.
zombie sun-imp produced a sun at (9, 4); you now have 2250 sun.
zombie sun-imp produced a sun at (9, 5); you now have 2275 sun.
zombie sun-imp produced a sun at (9, 1); you now have 2300 sun.
zombie sun-imp produced a sun at (9, 2); you now have 2325 sun.
zombie sun-imp produced a sun at (9, 3); you now have 2350 sun.
zombie sun-imp produced a sun at (9, 4); you now have 2375 sun.
zombie sun-imp produced a sun at (9, 5); you now have 2400 sun.
zombie sun-imp produced a sun at (9, 1); you now have 2425 sun.
zombie sun-imp produced a sun at (9, 2); you now have 2450 sun.
zombie sun-imp produced a sun at (9, 3); you now have 2475 sun.
zombie sun-imp produced a sun at (9, 4); you now have 2500 sun.
zombie sun-imp produced a sun at (9, 5); you now have 2525 sun.
zombie sun-imp produced a sun at (9, 1); you now have 2550 sun.
zombie sun-imp produced a sun at (9, 2); you now have 2575 sun.
zombie sun-imp produced a sun at (9, 3); you now have 2600 sun.
zombie sun-imp produced a sun at (9, 4); you now have 2625 sun.
zombie sun-imp produced a sun at (9, 5); you now have 2650 sun.
zombie sun-imp produced a sun at (9, 1); you now have 2675 sun.
zombie sun-imp produced a sun at (9, 2); you now have 2700 sun.
zombie sun-imp produced a sun at (9, 3); you now have 2725 sun.
zombie sun-imp produced a sun at (9, 4); you now have 2750 sun.
zombie sun-imp produced a sun at (9, 5); you now have 2775 sun.
zombie sun-imp produced a sun at (9, 1); you now have 2800 sun.
zombie sun-imp produced a sun at (9, 2); you now have 2825 sun.
zombie sun-imp produced a sun at (9, 3); you now have 2850 sun.
zombie sun-imp produced a sun at (9, 4); you now have 2875 sun.
zombie sun-imp produced a sun at (9, 5); you now have 2900 sun.
zombie sun-imp produced a sun at (9, 1); you now have 2925 sun.
zombie sun-imp produced a sun at (9, 2); you now have 2950 sun.
zombie sun-imp produced a sun at (9, 3); you now have 2975 sun.
zombie sun-imp produced a sun at (9, 4); you now have 3000 sun.
zombie sun-imp produced a sun at (9, 5); you now have 3025 sun.
zombie sun-imp produced a sun at (9, 1); you now have 3050 sun.
zombie sun-imp produced a sun at (9, 2); you now have 3075 sun.
zombie sun-imp produced a sun at (9, 3); you now have 3100 sun.
zombie sun-imp produced a sun at (9, 4); you now have 3125 sun.
zombie sun-imp produced a sun at (9, 5); you now have 3150 sun.
zombie sun-imp produced a sun at (9, 1); you now have 3175 sun.
zombie sun-imp produced a sun at (9, 2); you now have 3200 sun.
zombie sun-imp produced a sun at (9, 3); you now have 3225 sun.
zombie sun-imp produced a sun at (9, 4); you now have 3250 sun.
zombie sun-imp produced a sun at (9, 5); you now have 3275 sun.
zombie sun-imp produced a sun at (9, 1); you now have 3300 sun.
zombie sun-imp produced a sun at (9, 2); you now have 3325 sun.
zombie sun-imp produced a sun at (9, 3); you now have 3350 sun.
zombie sun-imp produced a sun at (9, 4); you now have 3375 sun.
zombie sun-imp produced a sun at (9, 5); you now have 3400 sun.
zombie sun-imp produced a sun at (9, 1); you now have 3425 sun.
zombie sun-imp produced a sun at (9, 2); you now have 3450 sun.
zombie sun-imp produced a sun at (9, 3); you now have 3475 sun.
zombie sun-imp produced a sun at (9, 4); you now have 3500 sun.
zombie sun-imp produced a sun at (9, 5); you now have 3525 sun.
zombie sun-imp produced a sun at (9, 1); you now have 3550 sun.
zombie sun-imp produced a sun at (9, 2); you now have 3575 sun.
zombie sun-imp produced a sun at (9, 3); you now have 3600 sun.
zombie sun-imp produced a sun at (9, 4); you now have 3625 sun.
zombie sun-imp produced a sun at (9, 5); you now have 3650 sun.
A sun-imp takes its place in lane 1.
A sun-imp takes its place in lane 2.
A sun-imp takes its place in lane 3.
A sun-imp takes its place in lane 4.
A sun-imp takes its place in lane 5.
A sun-imp takes its place in lane 1.
A sun-imp takes its place in lane 2.
A sun-imp takes its place in lane 3.
A sun-imp takes its place in lane 4.
A sun-imp takes its place in lane 5.
match ce73e50f-4206-4902-88f5-e3c4fd5ac48e failed a tick: java.lang.IllegalStateException: this match is broken
]]></system-out>
  <system-err><![CDATA[]]></system-err>
</testsuite>
