<?xml version="1.0" encoding="UTF-8"?>
<testsuite name="model.game.GraveBlocksShotsTest" tests="4" skipped="0" failures="0" errors="0" timestamp="2026-08-31T06:57:54.495Z" hostname="MacBook-Pro-4.local" time="0.003">
  <properties/>
  <testcase name="theTombRaiserRaisesGravesThatBlockLikeEveryOtherGrave()" classname="model.game.GraveBlocksShotsTest" time="0.001"/>
  <testcase name="aBrokenGraveStopsBlockingAndStopsBlockingPlanting()" classname="model.game.GraveBlocksShotsTest" time="0.0"/>
  <testcase name="enoughShotsDestroyTheGraveAndThenTheZombieIsHit()" classname="model.game.GraveBlocksShotsTest" time="0.001"/>
  <testcase name="aGraveTakesTheShotAndTheZombieBehindItIsUntouched()" classname="model.game.GraveBlocksShotsTest" time="0.001"/>
  <system-out><![CDATA[A tombstone rises from the ground at (6, 3)!
A tombstone rises from the ground at (7, 4)!
A tombstone rises from the ground at (3, 2)!
Tombstone took 20 damage. Remaining HP: 380
Tombstone took 40 damage. Remaining HP: 0
The Tombstone has been completely destroyed!
Tombstone took 20 damage. Remaining HP: 40
Tombstone took 20 damage. Remaining HP: 20
Tombstone took 20 damage. Remaining HP: 0
The Tombstone has been completely destroyed!
Tombstone took 20 damage. Remaining HP: 680
Tombstone took 20 damage. Remaining HP: 660
Tombstone took 20 damage. Remaining HP: 640
Tombstone took 20 damage. Remaining HP: 620
Tombstone took 20 damage. Remaining HP: 600
]]></system-out>
  <system-err><![CDATA[]]></system-err>
</testsuite>
